CRITICAL - 2023-07-08 00:13:06 --> The framework needs the following extension(s) installed and loaded: intl.
in SYSTEMPATH/CodeIgniter.php on line 226.
 1 SYSTEMPATH/CodeIgniter.php(226): CodeIgniter\Exceptions\FrameworkException::forMissingExtension('intl')
 2 SYSTEMPATH/CodeIgniter.php(190): CodeIgniter\CodeIgniter->resolvePlatformExtensions()
 3 FCPATH/index.php(56): CodeIgniter\CodeIgniter->initialize()
CRITICAL - 2023-07-08 00:13:06 --> Uncaught Error: Class "Locale" not found in /Applications/XAMPP/xamppfiles/htdocs/andreemalerva-proyectos/todo-list-emojis/system/I18n/TimeTrait.php:74
Stack trace:
#0 /Applications/XAMPP/xamppfiles/htdocs/andreemalerva-proyectos/todo-list-emojis/system/I18n/TimeTrait.php(115): CodeIgniter\I18n\Time->__construct(NULL, NULL, NULL)
#1 /Applications/XAMPP/xamppfiles/htdocs/andreemalerva-proyectos/todo-list-emojis/system/HTTP/ResponseTrait.php(468): CodeIgniter\I18n\Time::now()
#2 /Applications/XAMPP/xamppfiles/htdocs/andreemalerva-proyectos/todo-list-emojis/system/HTTP/ResponseTrait.php(446): CodeIgniter\HTTP\Response->sendHeaders()
#3 /Applications/XAMPP/xamppfiles/htdocs/andreemalerva-proyectos/todo-list-emojis/system/Debug/Exceptions.php(150): CodeIgniter\HTTP\Response->send()
#4 [internal function]: CodeIgniter\Debug\Exceptions->exceptionHandler(Object(CodeIgniter\Exceptions\FrameworkException))
#5 {main}
  thrown
【Previous Exception】
CodeIgniter\Exceptions\FrameworkException
The framework needs the following extension(s) installed and loaded: intl.
#0 /Applications/XAMPP/xamppfiles/htdocs/andreemalerva-proyectos/todo-list-emojis/system/CodeIgniter.php(226): CodeIgniter\Exceptions\FrameworkException::forMissingExtension('intl')
#1 /Applications/XAMPP/xamppfiles/htdocs/andreemalerva-proyectos/todo-list-emojis/system/CodeIgniter.php(190): CodeIgniter\CodeIgniter->resolvePlatformExtensions()
#2 /Applications/XAMPP/xamppfiles/htdocs/andreemalerva-proyectos/todo-list-emojis/public/index.php(56): CodeIgniter\CodeIgniter->initialize()
#3 {main}
in SYSTEMPATH/I18n/TimeTrait.php on line 74.
 1 [internal function]: CodeIgniter\Debug\Exceptions->shutdownHandler()
CRITICAL - 2023-07-08 00:14:20 --> The framework needs the following extension(s) installed and loaded: intl.
in SYSTEMPATH/CodeIgniter.php on line 226.
 1 SYSTEMPATH/CodeIgniter.php(226): CodeIgniter\Exceptions\FrameworkException::forMissingExtension('intl')
 2 SYSTEMPATH/CodeIgniter.php(190): CodeIgniter\CodeIgniter->resolvePlatformExtensions()
 3 FCPATH/index.php(56): CodeIgniter\CodeIgniter->initialize()
CRITICAL - 2023-07-08 00:14:20 --> Uncaught Error: Class "Locale" not found in /Applications/XAMPP/xamppfiles/htdocs/andreemalerva-proyectos/todo-list-emojis/system/I18n/TimeTrait.php:74
Stack trace:
#0 /Applications/XAMPP/xamppfiles/htdocs/andreemalerva-proyectos/todo-list-emojis/system/I18n/TimeTrait.php(115): CodeIgniter\I18n\Time->__construct(NULL, NULL, NULL)
#1 /Applications/XAMPP/xamppfiles/htdocs/andreemalerva-proyectos/todo-list-emojis/system/HTTP/ResponseTrait.php(468): CodeIgniter\I18n\Time::now()
#2 /Applications/XAMPP/xamppfiles/htdocs/andreemalerva-proyectos/todo-list-emojis/system/HTTP/ResponseTrait.php(446): CodeIgniter\HTTP\Response->sendHeaders()
#3 /Applications/XAMPP/xamppfiles/htdocs/andreemalerva-proyectos/todo-list-emojis/system/Debug/Exceptions.php(150): CodeIgniter\HTTP\Response->send()
#4 [internal function]: CodeIgniter\Debug\Exceptions->exceptionHandler(Object(CodeIgniter\Exceptions\FrameworkException))
#5 {main}
  thrown
【Previous Exception】
CodeIgniter\Exceptions\FrameworkException
The framework needs the following extension(s) installed and loaded: intl.
#0 /Applications/XAMPP/xamppfiles/htdocs/andreemalerva-proyectos/todo-list-emojis/system/CodeIgniter.php(226): CodeIgniter\Exceptions\FrameworkException::forMissingExtension('intl')
#1 /Applications/XAMPP/xamppfiles/htdocs/andreemalerva-proyectos/todo-list-emojis/system/CodeIgniter.php(190): CodeIgniter\CodeIgniter->resolvePlatformExtensions()
#2 /Applications/XAMPP/xamppfiles/htdocs/andreemalerva-proyectos/todo-list-emojis/public/index.php(56): CodeIgniter\CodeIgniter->initialize()
#3 {main}
in SYSTEMPATH/I18n/TimeTrait.php on line 74.
 1 [internal function]: CodeIgniter\Debug\Exceptions->shutdownHandler()
CRITICAL - 2023-07-08 00:20:49 --> The framework needs the following extension(s) installed and loaded: intl.
in SYSTEMPATH/CodeIgniter.php on line 226.
 1 SYSTEMPATH/CodeIgniter.php(226): CodeIgniter\Exceptions\FrameworkException::forMissingExtension('intl')
 2 SYSTEMPATH/CodeIgniter.php(190): CodeIgniter\CodeIgniter->resolvePlatformExtensions()
 3 FCPATH/index.php(56): CodeIgniter\CodeIgniter->initialize()
CRITICAL - 2023-07-08 00:20:49 --> Uncaught Error: Class "Locale" not found in /Applications/XAMPP/xamppfiles/htdocs/andreemalerva-proyectos/todo-list-emojis/system/I18n/TimeTrait.php:74
Stack trace:
#0 /Applications/XAMPP/xamppfiles/htdocs/andreemalerva-proyectos/todo-list-emojis/system/I18n/TimeTrait.php(115): CodeIgniter\I18n\Time->__construct(NULL, NULL, NULL)
#1 /Applications/XAMPP/xamppfiles/htdocs/andreemalerva-proyectos/todo-list-emojis/system/HTTP/ResponseTrait.php(468): CodeIgniter\I18n\Time::now()
#2 /Applications/XAMPP/xamppfiles/htdocs/andreemalerva-proyectos/todo-list-emojis/system/HTTP/ResponseTrait.php(446): CodeIgniter\HTTP\Response->sendHeaders()
#3 /Applications/XAMPP/xamppfiles/htdocs/andreemalerva-proyectos/todo-list-emojis/system/Debug/Exceptions.php(150): CodeIgniter\HTTP\Response->send()
#4 [internal function]: CodeIgniter\Debug\Exceptions->exceptionHandler(Object(CodeIgniter\Exceptions\FrameworkException))
#5 {main}
  thrown
【Previous Exception】
CodeIgniter\Exceptions\FrameworkException
The framework needs the following extension(s) installed and loaded: intl.
#0 /Applications/XAMPP/xamppfiles/htdocs/andreemalerva-proyectos/todo-list-emojis/system/CodeIgniter.php(226): CodeIgniter\Exceptions\FrameworkException::forMissingExtension('intl')
#1 /Applications/XAMPP/xamppfiles/htdocs/andreemalerva-proyectos/todo-list-emojis/system/CodeIgniter.php(190): CodeIgniter\CodeIgniter->resolvePlatformExtensions()
#2 /Applications/XAMPP/xamppfiles/htdocs/andreemalerva-proyectos/todo-list-emojis/public/index.php(56): CodeIgniter\CodeIgniter->initialize()
#3 {main}
in SYSTEMPATH/I18n/TimeTrait.php on line 74.
 1 [internal function]: CodeIgniter\Debug\Exceptions->shutdownHandler()
CRITICAL - 2023-07-08 00:22:18 --> The framework needs the following extension(s) installed and loaded: intl.
in SYSTEMPATH/CodeIgniter.php on line 226.
 1 SYSTEMPATH/CodeIgniter.php(226): CodeIgniter\Exceptions\FrameworkException::forMissingExtension('intl')
 2 SYSTEMPATH/CodeIgniter.php(190): CodeIgniter\CodeIgniter->resolvePlatformExtensions()
 3 FCPATH/index.php(56): CodeIgniter\CodeIgniter->initialize()
CRITICAL - 2023-07-08 00:22:18 --> Uncaught Error: Class "Locale" not found in /Applications/XAMPP/xamppfiles/htdocs/andreemalerva-proyectos/todo-list-emojis/system/I18n/TimeTrait.php:74
Stack trace:
#0 /Applications/XAMPP/xamppfiles/htdocs/andreemalerva-proyectos/todo-list-emojis/system/I18n/TimeTrait.php(115): CodeIgniter\I18n\Time->__construct(NULL, NULL, NULL)
#1 /Applications/XAMPP/xamppfiles/htdocs/andreemalerva-proyectos/todo-list-emojis/system/HTTP/ResponseTrait.php(468): CodeIgniter\I18n\Time::now()
#2 /Applications/XAMPP/xamppfiles/htdocs/andreemalerva-proyectos/todo-list-emojis/system/HTTP/ResponseTrait.php(446): CodeIgniter\HTTP\Response->sendHeaders()
#3 /Applications/XAMPP/xamppfiles/htdocs/andreemalerva-proyectos/todo-list-emojis/system/Debug/Exceptions.php(150): CodeIgniter\HTTP\Response->send()
#4 [internal function]: CodeIgniter\Debug\Exceptions->exceptionHandler(Object(CodeIgniter\Exceptions\FrameworkException))
#5 {main}
  thrown
【Previous Exception】
CodeIgniter\Exceptions\FrameworkException
The framework needs the following extension(s) installed and loaded: intl.
#0 /Applications/XAMPP/xamppfiles/htdocs/andreemalerva-proyectos/todo-list-emojis/system/CodeIgniter.php(226): CodeIgniter\Exceptions\FrameworkException::forMissingExtension('intl')
#1 /Applications/XAMPP/xamppfiles/htdocs/andreemalerva-proyectos/todo-list-emojis/system/CodeIgniter.php(190): CodeIgniter\CodeIgniter->resolvePlatformExtensions()
#2 /Applications/XAMPP/xamppfiles/htdocs/andreemalerva-proyectos/todo-list-emojis/public/index.php(56): CodeIgniter\CodeIgniter->initialize()
#3 {main}
in SYSTEMPATH/I18n/TimeTrait.php on line 74.
 1 [internal function]: CodeIgniter\Debug\Exceptions->shutdownHandler()
CRITICAL - 2023-07-08 00:22:47 --> The framework needs the following extension(s) installed and loaded: intl.
in SYSTEMPATH/CodeIgniter.php on line 226.
 1 SYSTEMPATH/CodeIgniter.php(226): CodeIgniter\Exceptions\FrameworkException::forMissingExtension('intl')
 2 SYSTEMPATH/CodeIgniter.php(190): CodeIgniter\CodeIgniter->resolvePlatformExtensions()
 3 FCPATH/index.php(56): CodeIgniter\CodeIgniter->initialize()
CRITICAL - 2023-07-08 00:22:47 --> Uncaught Error: Class "Locale" not found in /Applications/XAMPP/xamppfiles/htdocs/andreemalerva-proyectos/todo-list-emojis/system/I18n/TimeTrait.php:74
Stack trace:
#0 /Applications/XAMPP/xamppfiles/htdocs/andreemalerva-proyectos/todo-list-emojis/system/I18n/TimeTrait.php(115): CodeIgniter\I18n\Time->__construct(NULL, NULL, NULL)
#1 /Applications/XAMPP/xamppfiles/htdocs/andreemalerva-proyectos/todo-list-emojis/system/HTTP/ResponseTrait.php(468): CodeIgniter\I18n\Time::now()
#2 /Applications/XAMPP/xamppfiles/htdocs/andreemalerva-proyectos/todo-list-emojis/system/HTTP/ResponseTrait.php(446): CodeIgniter\HTTP\Response->sendHeaders()
#3 /Applications/XAMPP/xamppfiles/htdocs/andreemalerva-proyectos/todo-list-emojis/system/Debug/Exceptions.php(150): CodeIgniter\HTTP\Response->send()
#4 [internal function]: CodeIgniter\Debug\Exceptions->exceptionHandler(Object(CodeIgniter\Exceptions\FrameworkException))
#5 {main}
  thrown
【Previous Exception】
CodeIgniter\Exceptions\FrameworkException
The framework needs the following extension(s) installed and loaded: intl.
#0 /Applications/XAMPP/xamppfiles/htdocs/andreemalerva-proyectos/todo-list-emojis/system/CodeIgniter.php(226): CodeIgniter\Exceptions\FrameworkException::forMissingExtension('intl')
#1 /Applications/XAMPP/xamppfiles/htdocs/andreemalerva-proyectos/todo-list-emojis/system/CodeIgniter.php(190): CodeIgniter\CodeIgniter->resolvePlatformExtensions()
#2 /Applications/XAMPP/xamppfiles/htdocs/andreemalerva-proyectos/todo-list-emojis/public/index.php(56): CodeIgniter\CodeIgniter->initialize()
#3 {main}
in SYSTEMPATH/I18n/TimeTrait.php on line 74.
 1 [internal function]: CodeIgniter\Debug\Exceptions->shutdownHandler()
CRITICAL - 2023-07-08 00:27:10 --> The framework needs the following extension(s) installed and loaded: intl.
in SYSTEMPATH/CodeIgniter.php on line 226.
 1 SYSTEMPATH/CodeIgniter.php(226): CodeIgniter\Exceptions\FrameworkException::forMissingExtension('intl')
 2 SYSTEMPATH/CodeIgniter.php(190): CodeIgniter\CodeIgniter->resolvePlatformExtensions()
 3 FCPATH/index.php(56): CodeIgniter\CodeIgniter->initialize()
CRITICAL - 2023-07-08 00:27:10 --> Uncaught Error: Class "Locale" not found in /Applications/XAMPP/xamppfiles/htdocs/andreemalerva-proyectos/todo-list-emojis/system/I18n/TimeTrait.php:74
Stack trace:
#0 /Applications/XAMPP/xamppfiles/htdocs/andreemalerva-proyectos/todo-list-emojis/system/I18n/TimeTrait.php(115): CodeIgniter\I18n\Time->__construct(NULL, NULL, NULL)
#1 /Applications/XAMPP/xamppfiles/htdocs/andreemalerva-proyectos/todo-list-emojis/system/HTTP/ResponseTrait.php(468): CodeIgniter\I18n\Time::now()
#2 /Applications/XAMPP/xamppfiles/htdocs/andreemalerva-proyectos/todo-list-emojis/system/HTTP/ResponseTrait.php(446): CodeIgniter\HTTP\Response->sendHeaders()
#3 /Applications/XAMPP/xamppfiles/htdocs/andreemalerva-proyectos/todo-list-emojis/system/Debug/Exceptions.php(150): CodeIgniter\HTTP\Response->send()
#4 [internal function]: CodeIgniter\Debug\Exceptions->exceptionHandler(Object(CodeIgniter\Exceptions\FrameworkException))
#5 {main}
  thrown
【Previous Exception】
CodeIgniter\Exceptions\FrameworkException
The framework needs the following extension(s) installed and loaded: intl.
#0 /Applications/XAMPP/xamppfiles/htdocs/andreemalerva-proyectos/todo-list-emojis/system/CodeIgniter.php(226): CodeIgniter\Exceptions\FrameworkException::forMissingExtension('intl')
#1 /Applications/XAMPP/xamppfiles/htdocs/andreemalerva-proyectos/todo-list-emojis/system/CodeIgniter.php(190): CodeIgniter\CodeIgniter->resolvePlatformExtensions()
#2 /Applications/XAMPP/xamppfiles/htdocs/andreemalerva-proyectos/todo-list-emojis/public/index.php(56): CodeIgniter\CodeIgniter->initialize()
#3 {main}
in SYSTEMPATH/I18n/TimeTrait.php on line 74.
 1 [internal function]: CodeIgniter\Debug\Exceptions->shutdownHandler()
CRITICAL - 2023-07-08 00:28:08 --> The framework needs the following extension(s) installed and loaded: intl.
in SYSTEMPATH/CodeIgniter.php on line 226.
 1 SYSTEMPATH/CodeIgniter.php(226): CodeIgniter\Exceptions\FrameworkException::forMissingExtension('intl')
 2 SYSTEMPATH/CodeIgniter.php(190): CodeIgniter\CodeIgniter->resolvePlatformExtensions()
 3 FCPATH/index.php(56): CodeIgniter\CodeIgniter->initialize()
CRITICAL - 2023-07-08 00:28:08 --> Uncaught Error: Class "Locale" not found in /Applications/XAMPP/xamppfiles/htdocs/andreemalerva-proyectos/todo-list-emojis/system/I18n/TimeTrait.php:74
Stack trace:
#0 /Applications/XAMPP/xamppfiles/htdocs/andreemalerva-proyectos/todo-list-emojis/system/I18n/TimeTrait.php(115): CodeIgniter\I18n\Time->__construct(NULL, NULL, NULL)
#1 /Applications/XAMPP/xamppfiles/htdocs/andreemalerva-proyectos/todo-list-emojis/system/HTTP/ResponseTrait.php(468): CodeIgniter\I18n\Time::now()
#2 /Applications/XAMPP/xamppfiles/htdocs/andreemalerva-proyectos/todo-list-emojis/system/HTTP/ResponseTrait.php(446): CodeIgniter\HTTP\Response->sendHeaders()
#3 /Applications/XAMPP/xamppfiles/htdocs/andreemalerva-proyectos/todo-list-emojis/system/Debug/Exceptions.php(150): CodeIgniter\HTTP\Response->send()
#4 [internal function]: CodeIgniter\Debug\Exceptions->exceptionHandler(Object(CodeIgniter\Exceptions\FrameworkException))
#5 {main}
  thrown
【Previous Exception】
CodeIgniter\Exceptions\FrameworkException
The framework needs the following extension(s) installed and loaded: intl.
#0 /Applications/XAMPP/xamppfiles/htdocs/andreemalerva-proyectos/todo-list-emojis/system/CodeIgniter.php(226): CodeIgniter\Exceptions\FrameworkException::forMissingExtension('intl')
#1 /Applications/XAMPP/xamppfiles/htdocs/andreemalerva-proyectos/todo-list-emojis/system/CodeIgniter.php(190): CodeIgniter\CodeIgniter->resolvePlatformExtensions()
#2 /Applications/XAMPP/xamppfiles/htdocs/andreemalerva-proyectos/todo-list-emojis/public/index.php(56): CodeIgniter\CodeIgniter->initialize()
#3 {main}
in SYSTEMPATH/I18n/TimeTrait.php on line 74.
 1 [internal function]: CodeIgniter\Debug\Exceptions->shutdownHandler()
CRITICAL - 2023-07-08 00:31:43 --> The framework needs the following extension(s) installed and loaded: intl.
in SYSTEMPATH/CodeIgniter.php on line 226.
 1 SYSTEMPATH/CodeIgniter.php(226): CodeIgniter\Exceptions\FrameworkException::forMissingExtension('intl')
 2 SYSTEMPATH/CodeIgniter.php(190): CodeIgniter\CodeIgniter->resolvePlatformExtensions()
 3 FCPATH/index.php(56): CodeIgniter\CodeIgniter->initialize()
CRITICAL - 2023-07-08 00:31:43 --> Uncaught Error: Class "Locale" not found in /Applications/XAMPP/xamppfiles/htdocs/andreemalerva-proyectos/todo-list-emojis/system/I18n/TimeTrait.php:74
Stack trace:
#0 /Applications/XAMPP/xamppfiles/htdocs/andreemalerva-proyectos/todo-list-emojis/system/I18n/TimeTrait.php(115): CodeIgniter\I18n\Time->__construct(NULL, NULL, NULL)
#1 /Applications/XAMPP/xamppfiles/htdocs/andreemalerva-proyectos/todo-list-emojis/system/HTTP/ResponseTrait.php(468): CodeIgniter\I18n\Time::now()
#2 /Applications/XAMPP/xamppfiles/htdocs/andreemalerva-proyectos/todo-list-emojis/system/HTTP/ResponseTrait.php(446): CodeIgniter\HTTP\Response->sendHeaders()
#3 /Applications/XAMPP/xamppfiles/htdocs/andreemalerva-proyectos/todo-list-emojis/system/Debug/Exceptions.php(150): CodeIgniter\HTTP\Response->send()
#4 [internal function]: CodeIgniter\Debug\Exceptions->exceptionHandler(Object(CodeIgniter\Exceptions\FrameworkException))
#5 {main}
  thrown
【Previous Exception】
CodeIgniter\Exceptions\FrameworkException
The framework needs the following extension(s) installed and loaded: intl.
#0 /Applications/XAMPP/xamppfiles/htdocs/andreemalerva-proyectos/todo-list-emojis/system/CodeIgniter.php(226): CodeIgniter\Exceptions\FrameworkException::forMissingExtension('intl')
#1 /Applications/XAMPP/xamppfiles/htdocs/andreemalerva-proyectos/todo-list-emojis/system/CodeIgniter.php(190): CodeIgniter\CodeIgniter->resolvePlatformExtensions()
#2 /Applications/XAMPP/xamppfiles/htdocs/andreemalerva-proyectos/todo-list-emojis/public/index.php(56): CodeIgniter\CodeIgniter->initialize()
#3 {main}
in SYSTEMPATH/I18n/TimeTrait.php on line 74.
 1 [internal function]: CodeIgniter\Debug\Exceptions->shutdownHandler()
CRITICAL - 2023-07-08 00:34:01 --> The framework needs the following extension(s) installed and loaded: intl.
in SYSTEMPATH/CodeIgniter.php on line 226.
 1 SYSTEMPATH/CodeIgniter.php(226): CodeIgniter\Exceptions\FrameworkException::forMissingExtension('intl')
 2 SYSTEMPATH/CodeIgniter.php(190): CodeIgniter\CodeIgniter->resolvePlatformExtensions()
 3 FCPATH/index.php(56): CodeIgniter\CodeIgniter->initialize()
CRITICAL - 2023-07-08 00:34:01 --> Uncaught Error: Class "Locale" not found in /Applications/XAMPP/xamppfiles/htdocs/andreemalerva-proyectos/todo-list-emojis/system/I18n/TimeTrait.php:74
Stack trace:
#0 /Applications/XAMPP/xamppfiles/htdocs/andreemalerva-proyectos/todo-list-emojis/system/I18n/TimeTrait.php(115): CodeIgniter\I18n\Time->__construct(NULL, NULL, NULL)
#1 /Applications/XAMPP/xamppfiles/htdocs/andreemalerva-proyectos/todo-list-emojis/system/HTTP/ResponseTrait.php(468): CodeIgniter\I18n\Time::now()
#2 /Applications/XAMPP/xamppfiles/htdocs/andreemalerva-proyectos/todo-list-emojis/system/HTTP/ResponseTrait.php(446): CodeIgniter\HTTP\Response->sendHeaders()
#3 /Applications/XAMPP/xamppfiles/htdocs/andreemalerva-proyectos/todo-list-emojis/system/Debug/Exceptions.php(150): CodeIgniter\HTTP\Response->send()
#4 [internal function]: CodeIgniter\Debug\Exceptions->exceptionHandler(Object(CodeIgniter\Exceptions\FrameworkException))
#5 {main}
  thrown
【Previous Exception】
CodeIgniter\Exceptions\FrameworkException
The framework needs the following extension(s) installed and loaded: intl.
#0 /Applications/XAMPP/xamppfiles/htdocs/andreemalerva-proyectos/todo-list-emojis/system/CodeIgniter.php(226): CodeIgniter\Exceptions\FrameworkException::forMissingExtension('intl')
#1 /Applications/XAMPP/xamppfiles/htdocs/andreemalerva-proyectos/todo-list-emojis/system/CodeIgniter.php(190): CodeIgniter\CodeIgniter->resolvePlatformExtensions()
#2 /Applications/XAMPP/xamppfiles/htdocs/andreemalerva-proyectos/todo-list-emojis/public/index.php(56): CodeIgniter\CodeIgniter->initialize()
#3 {main}
in SYSTEMPATH/I18n/TimeTrait.php on line 74.
 1 [internal function]: CodeIgniter\Debug\Exceptions->shutdownHandler()
CRITICAL - 2023-07-08 00:34:09 --> The framework needs the following extension(s) installed and loaded: intl.
in SYSTEMPATH/CodeIgniter.php on line 226.
 1 SYSTEMPATH/CodeIgniter.php(226): CodeIgniter\Exceptions\FrameworkException::forMissingExtension('intl')
 2 SYSTEMPATH/CodeIgniter.php(190): CodeIgniter\CodeIgniter->resolvePlatformExtensions()
 3 FCPATH/index.php(56): CodeIgniter\CodeIgniter->initialize()
CRITICAL - 2023-07-08 00:34:09 --> Uncaught Error: Class "Locale" not found in /Applications/XAMPP/xamppfiles/htdocs/andreemalerva-proyectos/todo-list-emojis/system/I18n/TimeTrait.php:74
Stack trace:
#0 /Applications/XAMPP/xamppfiles/htdocs/andreemalerva-proyectos/todo-list-emojis/system/I18n/TimeTrait.php(115): CodeIgniter\I18n\Time->__construct(NULL, NULL, NULL)
#1 /Applications/XAMPP/xamppfiles/htdocs/andreemalerva-proyectos/todo-list-emojis/system/HTTP/ResponseTrait.php(468): CodeIgniter\I18n\Time::now()
#2 /Applications/XAMPP/xamppfiles/htdocs/andreemalerva-proyectos/todo-list-emojis/system/HTTP/ResponseTrait.php(446): CodeIgniter\HTTP\Response->sendHeaders()
#3 /Applications/XAMPP/xamppfiles/htdocs/andreemalerva-proyectos/todo-list-emojis/system/Debug/Exceptions.php(150): CodeIgniter\HTTP\Response->send()
#4 [internal function]: CodeIgniter\Debug\Exceptions->exceptionHandler(Object(CodeIgniter\Exceptions\FrameworkException))
#5 {main}
  thrown
【Previous Exception】
CodeIgniter\Exceptions\FrameworkException
The framework needs the following extension(s) installed and loaded: intl.
#0 /Applications/XAMPP/xamppfiles/htdocs/andreemalerva-proyectos/todo-list-emojis/system/CodeIgniter.php(226): CodeIgniter\Exceptions\FrameworkException::forMissingExtension('intl')
#1 /Applications/XAMPP/xamppfiles/htdocs/andreemalerva-proyectos/todo-list-emojis/system/CodeIgniter.php(190): CodeIgniter\CodeIgniter->resolvePlatformExtensions()
#2 /Applications/XAMPP/xamppfiles/htdocs/andreemalerva-proyectos/todo-list-emojis/public/index.php(56): CodeIgniter\CodeIgniter->initialize()
#3 {main}
in SYSTEMPATH/I18n/TimeTrait.php on line 74.
 1 [internal function]: CodeIgniter\Debug\Exceptions->shutdownHandler()
CRITICAL - 2023-07-08 00:34:12 --> The framework needs the following extension(s) installed and loaded: intl.
in SYSTEMPATH/CodeIgniter.php on line 226.
 1 SYSTEMPATH/CodeIgniter.php(226): CodeIgniter\Exceptions\FrameworkException::forMissingExtension('intl')
 2 SYSTEMPATH/CodeIgniter.php(190): CodeIgniter\CodeIgniter->resolvePlatformExtensions()
 3 FCPATH/index.php(56): CodeIgniter\CodeIgniter->initialize()
CRITICAL - 2023-07-08 00:34:12 --> Uncaught Error: Class "Locale" not found in /Applications/XAMPP/xamppfiles/htdocs/andreemalerva-proyectos/todo-list-emojis/system/I18n/TimeTrait.php:74
Stack trace:
#0 /Applications/XAMPP/xamppfiles/htdocs/andreemalerva-proyectos/todo-list-emojis/system/I18n/TimeTrait.php(115): CodeIgniter\I18n\Time->__construct(NULL, NULL, NULL)
#1 /Applications/XAMPP/xamppfiles/htdocs/andreemalerva-proyectos/todo-list-emojis/system/HTTP/ResponseTrait.php(468): CodeIgniter\I18n\Time::now()
#2 /Applications/XAMPP/xamppfiles/htdocs/andreemalerva-proyectos/todo-list-emojis/system/HTTP/ResponseTrait.php(446): CodeIgniter\HTTP\Response->sendHeaders()
#3 /Applications/XAMPP/xamppfiles/htdocs/andreemalerva-proyectos/todo-list-emojis/system/Debug/Exceptions.php(150): CodeIgniter\HTTP\Response->send()
#4 [internal function]: CodeIgniter\Debug\Exceptions->exceptionHandler(Object(CodeIgniter\Exceptions\FrameworkException))
#5 {main}
  thrown
【Previous Exception】
CodeIgniter\Exceptions\FrameworkException
The framework needs the following extension(s) installed and loaded: intl.
#0 /Applications/XAMPP/xamppfiles/htdocs/andreemalerva-proyectos/todo-list-emojis/system/CodeIgniter.php(226): CodeIgniter\Exceptions\FrameworkException::forMissingExtension('intl')
#1 /Applications/XAMPP/xamppfiles/htdocs/andreemalerva-proyectos/todo-list-emojis/system/CodeIgniter.php(190): CodeIgniter\CodeIgniter->resolvePlatformExtensions()
#2 /Applications/XAMPP/xamppfiles/htdocs/andreemalerva-proyectos/todo-list-emojis/public/index.php(56): CodeIgniter\CodeIgniter->initialize()
#3 {main}
in SYSTEMPATH/I18n/TimeTrait.php on line 74.
 1 [internal function]: CodeIgniter\Debug\Exceptions->shutdownHandler()
CRITICAL - 2023-07-08 00:35:17 --> The framework needs the following extension(s) installed and loaded: intl.
in SYSTEMPATH/CodeIgniter.php on line 226.
 1 SYSTEMPATH/CodeIgniter.php(226): CodeIgniter\Exceptions\FrameworkException::forMissingExtension('intl')
 2 SYSTEMPATH/CodeIgniter.php(190): CodeIgniter\CodeIgniter->resolvePlatformExtensions()
 3 FCPATH/index.php(56): CodeIgniter\CodeIgniter->initialize()
CRITICAL - 2023-07-08 00:35:17 --> Uncaught Error: Class "Locale" not found in /Applications/XAMPP/xamppfiles/htdocs/andreemalerva-proyectos/todo-list-emojis/system/I18n/TimeTrait.php:74
Stack trace:
#0 /Applications/XAMPP/xamppfiles/htdocs/andreemalerva-proyectos/todo-list-emojis/system/I18n/TimeTrait.php(115): CodeIgniter\I18n\Time->__construct(NULL, NULL, NULL)
#1 /Applications/XAMPP/xamppfiles/htdocs/andreemalerva-proyectos/todo-list-emojis/system/HTTP/ResponseTrait.php(468): CodeIgniter\I18n\Time::now()
#2 /Applications/XAMPP/xamppfiles/htdocs/andreemalerva-proyectos/todo-list-emojis/system/HTTP/ResponseTrait.php(446): CodeIgniter\HTTP\Response->sendHeaders()
#3 /Applications/XAMPP/xamppfiles/htdocs/andreemalerva-proyectos/todo-list-emojis/system/Debug/Exceptions.php(150): CodeIgniter\HTTP\Response->send()
#4 [internal function]: CodeIgniter\Debug\Exceptions->exceptionHandler(Object(CodeIgniter\Exceptions\FrameworkException))
#5 {main}
  thrown
【Previous Exception】
CodeIgniter\Exceptions\FrameworkException
The framework needs the following extension(s) installed and loaded: intl.
#0 /Applications/XAMPP/xamppfiles/htdocs/andreemalerva-proyectos/todo-list-emojis/system/CodeIgniter.php(226): CodeIgniter\Exceptions\FrameworkException::forMissingExtension('intl')
#1 /Applications/XAMPP/xamppfiles/htdocs/andreemalerva-proyectos/todo-list-emojis/system/CodeIgniter.php(190): CodeIgniter\CodeIgniter->resolvePlatformExtensions()
#2 /Applications/XAMPP/xamppfiles/htdocs/andreemalerva-proyectos/todo-list-emojis/public/index.php(56): CodeIgniter\CodeIgniter->initialize()
#3 {main}
in SYSTEMPATH/I18n/TimeTrait.php on line 74.
 1 [internal function]: CodeIgniter\Debug\Exceptions->shutdownHandler()
CRITICAL - 2023-07-08 00:35:20 --> The framework needs the following extension(s) installed and loaded: intl.
in SYSTEMPATH/CodeIgniter.php on line 226.
 1 SYSTEMPATH/CodeIgniter.php(226): CodeIgniter\Exceptions\FrameworkException::forMissingExtension('intl')
 2 SYSTEMPATH/CodeIgniter.php(190): CodeIgniter\CodeIgniter->resolvePlatformExtensions()
 3 FCPATH/index.php(56): CodeIgniter\CodeIgniter->initialize()
CRITICAL - 2023-07-08 00:35:20 --> Uncaught Error: Class "Locale" not found in /Applications/XAMPP/xamppfiles/htdocs/andreemalerva-proyectos/todo-list-emojis/system/I18n/TimeTrait.php:74
Stack trace:
#0 /Applications/XAMPP/xamppfiles/htdocs/andreemalerva-proyectos/todo-list-emojis/system/I18n/TimeTrait.php(115): CodeIgniter\I18n\Time->__construct(NULL, NULL, NULL)
#1 /Applications/XAMPP/xamppfiles/htdocs/andreemalerva-proyectos/todo-list-emojis/system/HTTP/ResponseTrait.php(468): CodeIgniter\I18n\Time::now()
#2 /Applications/XAMPP/xamppfiles/htdocs/andreemalerva-proyectos/todo-list-emojis/system/HTTP/ResponseTrait.php(446): CodeIgniter\HTTP\Response->sendHeaders()
#3 /Applications/XAMPP/xamppfiles/htdocs/andreemalerva-proyectos/todo-list-emojis/system/Debug/Exceptions.php(150): CodeIgniter\HTTP\Response->send()
#4 [internal function]: CodeIgniter\Debug\Exceptions->exceptionHandler(Object(CodeIgniter\Exceptions\FrameworkException))
#5 {main}
  thrown
【Previous Exception】
CodeIgniter\Exceptions\FrameworkException
The framework needs the following extension(s) installed and loaded: intl.
#0 /Applications/XAMPP/xamppfiles/htdocs/andreemalerva-proyectos/todo-list-emojis/system/CodeIgniter.php(226): CodeIgniter\Exceptions\FrameworkException::forMissingExtension('intl')
#1 /Applications/XAMPP/xamppfiles/htdocs/andreemalerva-proyectos/todo-list-emojis/system/CodeIgniter.php(190): CodeIgniter\CodeIgniter->resolvePlatformExtensions()
#2 /Applications/XAMPP/xamppfiles/htdocs/andreemalerva-proyectos/todo-list-emojis/public/index.php(56): CodeIgniter\CodeIgniter->initialize()
#3 {main}
in SYSTEMPATH/I18n/TimeTrait.php on line 74.
 1 [internal function]: CodeIgniter\Debug\Exceptions->shutdownHandler()
CRITICAL - 2023-07-08 00:35:51 --> The framework needs the following extension(s) installed and loaded: intl.
in SYSTEMPATH/CodeIgniter.php on line 226.
 1 SYSTEMPATH/CodeIgniter.php(226): CodeIgniter\Exceptions\FrameworkException::forMissingExtension('intl')
 2 SYSTEMPATH/CodeIgniter.php(190): CodeIgniter\CodeIgniter->resolvePlatformExtensions()
 3 FCPATH/index.php(56): CodeIgniter\CodeIgniter->initialize()
CRITICAL - 2023-07-08 00:35:51 --> Uncaught Error: Class "Locale" not found in /Applications/XAMPP/xamppfiles/htdocs/andreemalerva-proyectos/todo-list-emojis/system/I18n/TimeTrait.php:74
Stack trace:
#0 /Applications/XAMPP/xamppfiles/htdocs/andreemalerva-proyectos/todo-list-emojis/system/I18n/TimeTrait.php(115): CodeIgniter\I18n\Time->__construct(NULL, NULL, NULL)
#1 /Applications/XAMPP/xamppfiles/htdocs/andreemalerva-proyectos/todo-list-emojis/system/HTTP/ResponseTrait.php(468): CodeIgniter\I18n\Time::now()
#2 /Applications/XAMPP/xamppfiles/htdocs/andreemalerva-proyectos/todo-list-emojis/system/HTTP/ResponseTrait.php(446): CodeIgniter\HTTP\Response->sendHeaders()
#3 /Applications/XAMPP/xamppfiles/htdocs/andreemalerva-proyectos/todo-list-emojis/system/Debug/Exceptions.php(150): CodeIgniter\HTTP\Response->send()
#4 [internal function]: CodeIgniter\Debug\Exceptions->exceptionHandler(Object(CodeIgniter\Exceptions\FrameworkException))
#5 {main}
  thrown
【Previous Exception】
CodeIgniter\Exceptions\FrameworkException
The framework needs the following extension(s) installed and loaded: intl.
#0 /Applications/XAMPP/xamppfiles/htdocs/andreemalerva-proyectos/todo-list-emojis/system/CodeIgniter.php(226): CodeIgniter\Exceptions\FrameworkException::forMissingExtension('intl')
#1 /Applications/XAMPP/xamppfiles/htdocs/andreemalerva-proyectos/todo-list-emojis/system/CodeIgniter.php(190): CodeIgniter\CodeIgniter->resolvePlatformExtensions()
#2 /Applications/XAMPP/xamppfiles/htdocs/andreemalerva-proyectos/todo-list-emojis/public/index.php(56): CodeIgniter\CodeIgniter->initialize()
#3 {main}
in SYSTEMPATH/I18n/TimeTrait.php on line 74.
 1 [internal function]: CodeIgniter\Debug\Exceptions->shutdownHandler()
CRITICAL - 2023-07-08 00:35:57 --> The framework needs the following extension(s) installed and loaded: intl.
in SYSTEMPATH/CodeIgniter.php on line 226.
 1 SYSTEMPATH/CodeIgniter.php(226): CodeIgniter\Exceptions\FrameworkException::forMissingExtension('intl')
 2 SYSTEMPATH/CodeIgniter.php(190): CodeIgniter\CodeIgniter->resolvePlatformExtensions()
 3 FCPATH/index.php(56): CodeIgniter\CodeIgniter->initialize()
CRITICAL - 2023-07-08 00:35:57 --> Uncaught Error: Class "Locale" not found in /Applications/XAMPP/xamppfiles/htdocs/andreemalerva-proyectos/todo-list-emojis/system/I18n/TimeTrait.php:74
Stack trace:
#0 /Applications/XAMPP/xamppfiles/htdocs/andreemalerva-proyectos/todo-list-emojis/system/I18n/TimeTrait.php(115): CodeIgniter\I18n\Time->__construct(NULL, NULL, NULL)
#1 /Applications/XAMPP/xamppfiles/htdocs/andreemalerva-proyectos/todo-list-emojis/system/HTTP/ResponseTrait.php(468): CodeIgniter\I18n\Time::now()
#2 /Applications/XAMPP/xamppfiles/htdocs/andreemalerva-proyectos/todo-list-emojis/system/HTTP/ResponseTrait.php(446): CodeIgniter\HTTP\Response->sendHeaders()
#3 /Applications/XAMPP/xamppfiles/htdocs/andreemalerva-proyectos/todo-list-emojis/system/Debug/Exceptions.php(150): CodeIgniter\HTTP\Response->send()
#4 [internal function]: CodeIgniter\Debug\Exceptions->exceptionHandler(Object(CodeIgniter\Exceptions\FrameworkException))
#5 {main}
  thrown
【Previous Exception】
CodeIgniter\Exceptions\FrameworkException
The framework needs the following extension(s) installed and loaded: intl.
#0 /Applications/XAMPP/xamppfiles/htdocs/andreemalerva-proyectos/todo-list-emojis/system/CodeIgniter.php(226): CodeIgniter\Exceptions\FrameworkException::forMissingExtension('intl')
#1 /Applications/XAMPP/xamppfiles/htdocs/andreemalerva-proyectos/todo-list-emojis/system/CodeIgniter.php(190): CodeIgniter\CodeIgniter->resolvePlatformExtensions()
#2 /Applications/XAMPP/xamppfiles/htdocs/andreemalerva-proyectos/todo-list-emojis/public/index.php(56): CodeIgniter\CodeIgniter->initialize()
#3 {main}
in SYSTEMPATH/I18n/TimeTrait.php on line 74.
 1 [internal function]: CodeIgniter\Debug\Exceptions->shutdownHandler()
CRITICAL - 2023-07-08 00:37:14 --> The framework needs the following extension(s) installed and loaded: intl.
in SYSTEMPATH/CodeIgniter.php on line 226.
 1 SYSTEMPATH/CodeIgniter.php(226): CodeIgniter\Exceptions\FrameworkException::forMissingExtension('intl')
 2 SYSTEMPATH/CodeIgniter.php(190): CodeIgniter\CodeIgniter->resolvePlatformExtensions()
 3 FCPATH/index.php(56): CodeIgniter\CodeIgniter->initialize()
CRITICAL - 2023-07-08 00:37:14 --> Uncaught Error: Class "Locale" not found in /Applications/XAMPP/xamppfiles/htdocs/andreemalerva-proyectos/todo-list-emojis/system/I18n/TimeTrait.php:74
Stack trace:
#0 /Applications/XAMPP/xamppfiles/htdocs/andreemalerva-proyectos/todo-list-emojis/system/I18n/TimeTrait.php(115): CodeIgniter\I18n\Time->__construct(NULL, NULL, NULL)
#1 /Applications/XAMPP/xamppfiles/htdocs/andreemalerva-proyectos/todo-list-emojis/system/HTTP/ResponseTrait.php(468): CodeIgniter\I18n\Time::now()
#2 /Applications/XAMPP/xamppfiles/htdocs/andreemalerva-proyectos/todo-list-emojis/system/HTTP/ResponseTrait.php(446): CodeIgniter\HTTP\Response->sendHeaders()
#3 /Applications/XAMPP/xamppfiles/htdocs/andreemalerva-proyectos/todo-list-emojis/system/Debug/Exceptions.php(150): CodeIgniter\HTTP\Response->send()
#4 [internal function]: CodeIgniter\Debug\Exceptions->exceptionHandler(Object(CodeIgniter\Exceptions\FrameworkException))
#5 {main}
  thrown
【Previous Exception】
CodeIgniter\Exceptions\FrameworkException
The framework needs the following extension(s) installed and loaded: intl.
#0 /Applications/XAMPP/xamppfiles/htdocs/andreemalerva-proyectos/todo-list-emojis/system/CodeIgniter.php(226): CodeIgniter\Exceptions\FrameworkException::forMissingExtension('intl')
#1 /Applications/XAMPP/xamppfiles/htdocs/andreemalerva-proyectos/todo-list-emojis/system/CodeIgniter.php(190): CodeIgniter\CodeIgniter->resolvePlatformExtensions()
#2 /Applications/XAMPP/xamppfiles/htdocs/andreemalerva-proyectos/todo-list-emojis/public/index.php(56): CodeIgniter\CodeIgniter->initialize()
#3 {main}
in SYSTEMPATH/I18n/TimeTrait.php on line 74.
 1 [internal function]: CodeIgniter\Debug\Exceptions->shutdownHandler()
CRITICAL - 2023-07-08 00:37:19 --> The framework needs the following extension(s) installed and loaded: intl.
in SYSTEMPATH/CodeIgniter.php on line 226.
 1 SYSTEMPATH/CodeIgniter.php(226): CodeIgniter\Exceptions\FrameworkException::forMissingExtension('intl')
 2 SYSTEMPATH/CodeIgniter.php(190): CodeIgniter\CodeIgniter->resolvePlatformExtensions()
 3 FCPATH/index.php(56): CodeIgniter\CodeIgniter->initialize()
CRITICAL - 2023-07-08 00:37:19 --> Uncaught Error: Class "Locale" not found in /Applications/XAMPP/xamppfiles/htdocs/andreemalerva-proyectos/todo-list-emojis/system/I18n/TimeTrait.php:74
Stack trace:
#0 /Applications/XAMPP/xamppfiles/htdocs/andreemalerva-proyectos/todo-list-emojis/system/I18n/TimeTrait.php(115): CodeIgniter\I18n\Time->__construct(NULL, NULL, NULL)
#1 /Applications/XAMPP/xamppfiles/htdocs/andreemalerva-proyectos/todo-list-emojis/system/HTTP/ResponseTrait.php(468): CodeIgniter\I18n\Time::now()
#2 /Applications/XAMPP/xamppfiles/htdocs/andreemalerva-proyectos/todo-list-emojis/system/HTTP/ResponseTrait.php(446): CodeIgniter\HTTP\Response->sendHeaders()
#3 /Applications/XAMPP/xamppfiles/htdocs/andreemalerva-proyectos/todo-list-emojis/system/Debug/Exceptions.php(150): CodeIgniter\HTTP\Response->send()
#4 [internal function]: CodeIgniter\Debug\Exceptions->exceptionHandler(Object(CodeIgniter\Exceptions\FrameworkException))
#5 {main}
  thrown
【Previous Exception】
CodeIgniter\Exceptions\FrameworkException
The framework needs the following extension(s) installed and loaded: intl.
#0 /Applications/XAMPP/xamppfiles/htdocs/andreemalerva-proyectos/todo-list-emojis/system/CodeIgniter.php(226): CodeIgniter\Exceptions\FrameworkException::forMissingExtension('intl')
#1 /Applications/XAMPP/xamppfiles/htdocs/andreemalerva-proyectos/todo-list-emojis/system/CodeIgniter.php(190): CodeIgniter\CodeIgniter->resolvePlatformExtensions()
#2 /Applications/XAMPP/xamppfiles/htdocs/andreemalerva-proyectos/todo-list-emojis/public/index.php(56): CodeIgniter\CodeIgniter->initialize()
#3 {main}
in SYSTEMPATH/I18n/TimeTrait.php on line 74.
 1 [internal function]: CodeIgniter\Debug\Exceptions->shutdownHandler()
CRITICAL - 2023-07-08 00:37:39 --> The framework needs the following extension(s) installed and loaded: intl.
in SYSTEMPATH/CodeIgniter.php on line 226.
 1 SYSTEMPATH/CodeIgniter.php(226): CodeIgniter\Exceptions\FrameworkException::forMissingExtension('intl')
 2 SYSTEMPATH/CodeIgniter.php(190): CodeIgniter\CodeIgniter->resolvePlatformExtensions()
 3 FCPATH/index.php(56): CodeIgniter\CodeIgniter->initialize()
CRITICAL - 2023-07-08 00:37:39 --> Uncaught Error: Class "Locale" not found in /Applications/XAMPP/xamppfiles/htdocs/andreemalerva-proyectos/todo-list-emojis/system/I18n/TimeTrait.php:74
Stack trace:
#0 /Applications/XAMPP/xamppfiles/htdocs/andreemalerva-proyectos/todo-list-emojis/system/I18n/TimeTrait.php(115): CodeIgniter\I18n\Time->__construct(NULL, NULL, NULL)
#1 /Applications/XAMPP/xamppfiles/htdocs/andreemalerva-proyectos/todo-list-emojis/system/HTTP/ResponseTrait.php(468): CodeIgniter\I18n\Time::now()
#2 /Applications/XAMPP/xamppfiles/htdocs/andreemalerva-proyectos/todo-list-emojis/system/HTTP/ResponseTrait.php(446): CodeIgniter\HTTP\Response->sendHeaders()
#3 /Applications/XAMPP/xamppfiles/htdocs/andreemalerva-proyectos/todo-list-emojis/system/Debug/Exceptions.php(150): CodeIgniter\HTTP\Response->send()
#4 [internal function]: CodeIgniter\Debug\Exceptions->exceptionHandler(Object(CodeIgniter\Exceptions\FrameworkException))
#5 {main}
  thrown
【Previous Exception】
CodeIgniter\Exceptions\FrameworkException
The framework needs the following extension(s) installed and loaded: intl.
#0 /Applications/XAMPP/xamppfiles/htdocs/andreemalerva-proyectos/todo-list-emojis/system/CodeIgniter.php(226): CodeIgniter\Exceptions\FrameworkException::forMissingExtension('intl')
#1 /Applications/XAMPP/xamppfiles/htdocs/andreemalerva-proyectos/todo-list-emojis/system/CodeIgniter.php(190): CodeIgniter\CodeIgniter->resolvePlatformExtensions()
#2 /Applications/XAMPP/xamppfiles/htdocs/andreemalerva-proyectos/todo-list-emojis/public/index.php(56): CodeIgniter\CodeIgniter->initialize()
#3 {main}
in SYSTEMPATH/I18n/TimeTrait.php on line 74.
 1 [internal function]: CodeIgniter\Debug\Exceptions->shutdownHandler()
CRITICAL - 2023-07-08 00:38:16 --> The framework needs the following extension(s) installed and loaded: intl.
in SYSTEMPATH/CodeIgniter.php on line 226.
 1 SYSTEMPATH/CodeIgniter.php(226): CodeIgniter\Exceptions\FrameworkException::forMissingExtension('intl')
 2 SYSTEMPATH/CodeIgniter.php(190): CodeIgniter\CodeIgniter->resolvePlatformExtensions()
 3 FCPATH/index.php(56): CodeIgniter\CodeIgniter->initialize()
CRITICAL - 2023-07-08 00:38:16 --> Uncaught Error: Class "Locale" not found in /Applications/XAMPP/xamppfiles/htdocs/andreemalerva-proyectos/todo-list-emojis/system/I18n/TimeTrait.php:74
Stack trace:
#0 /Applications/XAMPP/xamppfiles/htdocs/andreemalerva-proyectos/todo-list-emojis/system/I18n/TimeTrait.php(115): CodeIgniter\I18n\Time->__construct(NULL, NULL, NULL)
#1 /Applications/XAMPP/xamppfiles/htdocs/andreemalerva-proyectos/todo-list-emojis/system/HTTP/ResponseTrait.php(468): CodeIgniter\I18n\Time::now()
#2 /Applications/XAMPP/xamppfiles/htdocs/andreemalerva-proyectos/todo-list-emojis/system/HTTP/ResponseTrait.php(446): CodeIgniter\HTTP\Response->sendHeaders()
#3 /Applications/XAMPP/xamppfiles/htdocs/andreemalerva-proyectos/todo-list-emojis/system/Debug/Exceptions.php(150): CodeIgniter\HTTP\Response->send()
#4 [internal function]: CodeIgniter\Debug\Exceptions->exceptionHandler(Object(CodeIgniter\Exceptions\FrameworkException))
#5 {main}
  thrown
【Previous Exception】
CodeIgniter\Exceptions\FrameworkException
The framework needs the following extension(s) installed and loaded: intl.
#0 /Applications/XAMPP/xamppfiles/htdocs/andreemalerva-proyectos/todo-list-emojis/system/CodeIgniter.php(226): CodeIgniter\Exceptions\FrameworkException::forMissingExtension('intl')
#1 /Applications/XAMPP/xamppfiles/htdocs/andreemalerva-proyectos/todo-list-emojis/system/CodeIgniter.php(190): CodeIgniter\CodeIgniter->resolvePlatformExtensions()
#2 /Applications/XAMPP/xamppfiles/htdocs/andreemalerva-proyectos/todo-list-emojis/public/index.php(56): CodeIgniter\CodeIgniter->initialize()
#3 {main}
in SYSTEMPATH/I18n/TimeTrait.php on line 74.
 1 [internal function]: CodeIgniter\Debug\Exceptions->shutdownHandler()
CRITICAL - 2023-07-08 00:38:45 --> The framework needs the following extension(s) installed and loaded: intl.
in SYSTEMPATH/CodeIgniter.php on line 226.
 1 SYSTEMPATH/CodeIgniter.php(226): CodeIgniter\Exceptions\FrameworkException::forMissingExtension('intl')
 2 SYSTEMPATH/CodeIgniter.php(190): CodeIgniter\CodeIgniter->resolvePlatformExtensions()
 3 FCPATH/index.php(56): CodeIgniter\CodeIgniter->initialize()
CRITICAL - 2023-07-08 00:38:45 --> Uncaught Error: Class "Locale" not found in /Applications/XAMPP/xamppfiles/htdocs/andreemalerva-proyectos/todo-list-emojis/system/I18n/TimeTrait.php:74
Stack trace:
#0 /Applications/XAMPP/xamppfiles/htdocs/andreemalerva-proyectos/todo-list-emojis/system/I18n/TimeTrait.php(115): CodeIgniter\I18n\Time->__construct(NULL, NULL, NULL)
#1 /Applications/XAMPP/xamppfiles/htdocs/andreemalerva-proyectos/todo-list-emojis/system/HTTP/ResponseTrait.php(468): CodeIgniter\I18n\Time::now()
#2 /Applications/XAMPP/xamppfiles/htdocs/andreemalerva-proyectos/todo-list-emojis/system/HTTP/ResponseTrait.php(446): CodeIgniter\HTTP\Response->sendHeaders()
#3 /Applications/XAMPP/xamppfiles/htdocs/andreemalerva-proyectos/todo-list-emojis/system/Debug/Exceptions.php(150): CodeIgniter\HTTP\Response->send()
#4 [internal function]: CodeIgniter\Debug\Exceptions->exceptionHandler(Object(CodeIgniter\Exceptions\FrameworkException))
#5 {main}
  thrown
【Previous Exception】
CodeIgniter\Exceptions\FrameworkException
The framework needs the following extension(s) installed and loaded: intl.
#0 /Applications/XAMPP/xamppfiles/htdocs/andreemalerva-proyectos/todo-list-emojis/system/CodeIgniter.php(226): CodeIgniter\Exceptions\FrameworkException::forMissingExtension('intl')
#1 /Applications/XAMPP/xamppfiles/htdocs/andreemalerva-proyectos/todo-list-emojis/system/CodeIgniter.php(190): CodeIgniter\CodeIgniter->resolvePlatformExtensions()
#2 /Applications/XAMPP/xamppfiles/htdocs/andreemalerva-proyectos/todo-list-emojis/public/index.php(56): CodeIgniter\CodeIgniter->initialize()
#3 {main}
in SYSTEMPATH/I18n/TimeTrait.php on line 74.
 1 [internal function]: CodeIgniter\Debug\Exceptions->shutdownHandler()
CRITICAL - 2023-07-08 00:38:48 --> The framework needs the following extension(s) installed and loaded: intl.
in SYSTEMPATH/CodeIgniter.php on line 226.
 1 SYSTEMPATH/CodeIgniter.php(226): CodeIgniter\Exceptions\FrameworkException::forMissingExtension('intl')
 2 SYSTEMPATH/CodeIgniter.php(190): CodeIgniter\CodeIgniter->resolvePlatformExtensions()
 3 FCPATH/index.php(56): CodeIgniter\CodeIgniter->initialize()
CRITICAL - 2023-07-08 00:38:48 --> Uncaught Error: Class "Locale" not found in /Applications/XAMPP/xamppfiles/htdocs/andreemalerva-proyectos/todo-list-emojis/system/I18n/TimeTrait.php:74
Stack trace:
#0 /Applications/XAMPP/xamppfiles/htdocs/andreemalerva-proyectos/todo-list-emojis/system/I18n/TimeTrait.php(115): CodeIgniter\I18n\Time->__construct(NULL, NULL, NULL)
#1 /Applications/XAMPP/xamppfiles/htdocs/andreemalerva-proyectos/todo-list-emojis/system/HTTP/ResponseTrait.php(468): CodeIgniter\I18n\Time::now()
#2 /Applications/XAMPP/xamppfiles/htdocs/andreemalerva-proyectos/todo-list-emojis/system/HTTP/ResponseTrait.php(446): CodeIgniter\HTTP\Response->sendHeaders()
#3 /Applications/XAMPP/xamppfiles/htdocs/andreemalerva-proyectos/todo-list-emojis/system/Debug/Exceptions.php(150): CodeIgniter\HTTP\Response->send()
#4 [internal function]: CodeIgniter\Debug\Exceptions->exceptionHandler(Object(CodeIgniter\Exceptions\FrameworkException))
#5 {main}
  thrown
【Previous Exception】
CodeIgniter\Exceptions\FrameworkException
The framework needs the following extension(s) installed and loaded: intl.
#0 /Applications/XAMPP/xamppfiles/htdocs/andreemalerva-proyectos/todo-list-emojis/system/CodeIgniter.php(226): CodeIgniter\Exceptions\FrameworkException::forMissingExtension('intl')
#1 /Applications/XAMPP/xamppfiles/htdocs/andreemalerva-proyectos/todo-list-emojis/system/CodeIgniter.php(190): CodeIgniter\CodeIgniter->resolvePlatformExtensions()
#2 /Applications/XAMPP/xamppfiles/htdocs/andreemalerva-proyectos/todo-list-emojis/public/index.php(56): CodeIgniter\CodeIgniter->initialize()
#3 {main}
in SYSTEMPATH/I18n/TimeTrait.php on line 74.
 1 [internal function]: CodeIgniter\Debug\Exceptions->shutdownHandler()
CRITICAL - 2023-07-08 00:39:55 --> The framework needs the following extension(s) installed and loaded: intl.
in SYSTEMPATH/CodeIgniter.php on line 226.
 1 SYSTEMPATH/CodeIgniter.php(226): CodeIgniter\Exceptions\FrameworkException::forMissingExtension('intl')
 2 SYSTEMPATH/CodeIgniter.php(190): CodeIgniter\CodeIgniter->resolvePlatformExtensions()
 3 FCPATH/index.php(56): CodeIgniter\CodeIgniter->initialize()
CRITICAL - 2023-07-08 00:39:55 --> Uncaught Error: Class "Locale" not found in /Applications/XAMPP/xamppfiles/htdocs/andreemalerva-proyectos/todo-list-emojis/system/I18n/TimeTrait.php:74
Stack trace:
#0 /Applications/XAMPP/xamppfiles/htdocs/andreemalerva-proyectos/todo-list-emojis/system/I18n/TimeTrait.php(115): CodeIgniter\I18n\Time->__construct(NULL, NULL, NULL)
#1 /Applications/XAMPP/xamppfiles/htdocs/andreemalerva-proyectos/todo-list-emojis/system/HTTP/ResponseTrait.php(468): CodeIgniter\I18n\Time::now()
#2 /Applications/XAMPP/xamppfiles/htdocs/andreemalerva-proyectos/todo-list-emojis/system/HTTP/ResponseTrait.php(446): CodeIgniter\HTTP\Response->sendHeaders()
#3 /Applications/XAMPP/xamppfiles/htdocs/andreemalerva-proyectos/todo-list-emojis/system/Debug/Exceptions.php(150): CodeIgniter\HTTP\Response->send()
#4 [internal function]: CodeIgniter\Debug\Exceptions->exceptionHandler(Object(CodeIgniter\Exceptions\FrameworkException))
#5 {main}
  thrown
【Previous Exception】
CodeIgniter\Exceptions\FrameworkException
The framework needs the following extension(s) installed and loaded: intl.
#0 /Applications/XAMPP/xamppfiles/htdocs/andreemalerva-proyectos/todo-list-emojis/system/CodeIgniter.php(226): CodeIgniter\Exceptions\FrameworkException::forMissingExtension('intl')
#1 /Applications/XAMPP/xamppfiles/htdocs/andreemalerva-proyectos/todo-list-emojis/system/CodeIgniter.php(190): CodeIgniter\CodeIgniter->resolvePlatformExtensions()
#2 /Applications/XAMPP/xamppfiles/htdocs/andreemalerva-proyectos/todo-list-emojis/public/index.php(56): CodeIgniter\CodeIgniter->initialize()
#3 {main}
in SYSTEMPATH/I18n/TimeTrait.php on line 74.
 1 [internal function]: CodeIgniter\Debug\Exceptions->shutdownHandler()
CRITICAL - 2023-07-08 00:40:02 --> The framework needs the following extension(s) installed and loaded: intl.
in SYSTEMPATH/CodeIgniter.php on line 226.
 1 SYSTEMPATH/CodeIgniter.php(226): CodeIgniter\Exceptions\FrameworkException::forMissingExtension('intl')
 2 SYSTEMPATH/CodeIgniter.php(190): CodeIgniter\CodeIgniter->resolvePlatformExtensions()
 3 FCPATH/index.php(56): CodeIgniter\CodeIgniter->initialize()
CRITICAL - 2023-07-08 00:40:02 --> Uncaught Error: Class "Locale" not found in /Applications/XAMPP/xamppfiles/htdocs/andreemalerva-proyectos/todo-list-emojis/system/I18n/TimeTrait.php:74
Stack trace:
#0 /Applications/XAMPP/xamppfiles/htdocs/andreemalerva-proyectos/todo-list-emojis/system/I18n/TimeTrait.php(115): CodeIgniter\I18n\Time->__construct(NULL, NULL, NULL)
#1 /Applications/XAMPP/xamppfiles/htdocs/andreemalerva-proyectos/todo-list-emojis/system/HTTP/ResponseTrait.php(468): CodeIgniter\I18n\Time::now()
#2 /Applications/XAMPP/xamppfiles/htdocs/andreemalerva-proyectos/todo-list-emojis/system/HTTP/ResponseTrait.php(446): CodeIgniter\HTTP\Response->sendHeaders()
#3 /Applications/XAMPP/xamppfiles/htdocs/andreemalerva-proyectos/todo-list-emojis/system/Debug/Exceptions.php(150): CodeIgniter\HTTP\Response->send()
#4 [internal function]: CodeIgniter\Debug\Exceptions->exceptionHandler(Object(CodeIgniter\Exceptions\FrameworkException))
#5 {main}
  thrown
【Previous Exception】
CodeIgniter\Exceptions\FrameworkException
The framework needs the following extension(s) installed and loaded: intl.
#0 /Applications/XAMPP/xamppfiles/htdocs/andreemalerva-proyectos/todo-list-emojis/system/CodeIgniter.php(226): CodeIgniter\Exceptions\FrameworkException::forMissingExtension('intl')
#1 /Applications/XAMPP/xamppfiles/htdocs/andreemalerva-proyectos/todo-list-emojis/system/CodeIgniter.php(190): CodeIgniter\CodeIgniter->resolvePlatformExtensions()
#2 /Applications/XAMPP/xamppfiles/htdocs/andreemalerva-proyectos/todo-list-emojis/public/index.php(56): CodeIgniter\CodeIgniter->initialize()
#3 {main}
in SYSTEMPATH/I18n/TimeTrait.php on line 74.
 1 [internal function]: CodeIgniter\Debug\Exceptions->shutdownHandler()
CRITICAL - 2023-07-08 00:41:41 --> The framework needs the following extension(s) installed and loaded: intl.
in SYSTEMPATH/CodeIgniter.php on line 226.
 1 SYSTEMPATH/CodeIgniter.php(226): CodeIgniter\Exceptions\FrameworkException::forMissingExtension('intl')
 2 SYSTEMPATH/CodeIgniter.php(190): CodeIgniter\CodeIgniter->resolvePlatformExtensions()
 3 FCPATH/index.php(56): CodeIgniter\CodeIgniter->initialize()
CRITICAL - 2023-07-08 00:41:41 --> Uncaught Error: Class "Locale" not found in /Applications/XAMPP/xamppfiles/htdocs/andreemalerva-proyectos/todo-list-emojis/system/I18n/TimeTrait.php:74
Stack trace:
#0 /Applications/XAMPP/xamppfiles/htdocs/andreemalerva-proyectos/todo-list-emojis/system/I18n/TimeTrait.php(115): CodeIgniter\I18n\Time->__construct(NULL, NULL, NULL)
#1 /Applications/XAMPP/xamppfiles/htdocs/andreemalerva-proyectos/todo-list-emojis/system/HTTP/ResponseTrait.php(468): CodeIgniter\I18n\Time::now()
#2 /Applications/XAMPP/xamppfiles/htdocs/andreemalerva-proyectos/todo-list-emojis/system/HTTP/ResponseTrait.php(446): CodeIgniter\HTTP\Response->sendHeaders()
#3 /Applications/XAMPP/xamppfiles/htdocs/andreemalerva-proyectos/todo-list-emojis/system/Debug/Exceptions.php(150): CodeIgniter\HTTP\Response->send()
#4 [internal function]: CodeIgniter\Debug\Exceptions->exceptionHandler(Object(CodeIgniter\Exceptions\FrameworkException))
#5 {main}
  thrown
【Previous Exception】
CodeIgniter\Exceptions\FrameworkException
The framework needs the following extension(s) installed and loaded: intl.
#0 /Applications/XAMPP/xamppfiles/htdocs/andreemalerva-proyectos/todo-list-emojis/system/CodeIgniter.php(226): CodeIgniter\Exceptions\FrameworkException::forMissingExtension('intl')
#1 /Applications/XAMPP/xamppfiles/htdocs/andreemalerva-proyectos/todo-list-emojis/system/CodeIgniter.php(190): CodeIgniter\CodeIgniter->resolvePlatformExtensions()
#2 /Applications/XAMPP/xamppfiles/htdocs/andreemalerva-proyectos/todo-list-emojis/public/index.php(56): CodeIgniter\CodeIgniter->initialize()
#3 {main}
in SYSTEMPATH/I18n/TimeTrait.php on line 74.
 1 [internal function]: CodeIgniter\Debug\Exceptions->shutdownHandler()
CRITICAL - 2023-07-08 00:44:54 --> The framework needs the following extension(s) installed and loaded: intl.
in SYSTEMPATH/CodeIgniter.php on line 226.
 1 SYSTEMPATH/CodeIgniter.php(226): CodeIgniter\Exceptions\FrameworkException::forMissingExtension('intl')
 2 SYSTEMPATH/CodeIgniter.php(190): CodeIgniter\CodeIgniter->resolvePlatformExtensions()
 3 FCPATH/index.php(56): CodeIgniter\CodeIgniter->initialize()
CRITICAL - 2023-07-08 00:44:54 --> Uncaught Error: Class "Locale" not found in /Applications/XAMPP/xamppfiles/htdocs/andreemalerva-proyectos/todo-list-emojis/system/I18n/TimeTrait.php:74
Stack trace:
#0 /Applications/XAMPP/xamppfiles/htdocs/andreemalerva-proyectos/todo-list-emojis/system/I18n/TimeTrait.php(115): CodeIgniter\I18n\Time->__construct(NULL, NULL, NULL)
#1 /Applications/XAMPP/xamppfiles/htdocs/andreemalerva-proyectos/todo-list-emojis/system/HTTP/ResponseTrait.php(468): CodeIgniter\I18n\Time::now()
#2 /Applications/XAMPP/xamppfiles/htdocs/andreemalerva-proyectos/todo-list-emojis/system/HTTP/ResponseTrait.php(446): CodeIgniter\HTTP\Response->sendHeaders()
#3 /Applications/XAMPP/xamppfiles/htdocs/andreemalerva-proyectos/todo-list-emojis/system/Debug/Exceptions.php(150): CodeIgniter\HTTP\Response->send()
#4 [internal function]: CodeIgniter\Debug\Exceptions->exceptionHandler(Object(CodeIgniter\Exceptions\FrameworkException))
#5 {main}
  thrown
【Previous Exception】
CodeIgniter\Exceptions\FrameworkException
The framework needs the following extension(s) installed and loaded: intl.
#0 /Applications/XAMPP/xamppfiles/htdocs/andreemalerva-proyectos/todo-list-emojis/system/CodeIgniter.php(226): CodeIgniter\Exceptions\FrameworkException::forMissingExtension('intl')
#1 /Applications/XAMPP/xamppfiles/htdocs/andreemalerva-proyectos/todo-list-emojis/system/CodeIgniter.php(190): CodeIgniter\CodeIgniter->resolvePlatformExtensions()
#2 /Applications/XAMPP/xamppfiles/htdocs/andreemalerva-proyectos/todo-list-emojis/public/index.php(56): CodeIgniter\CodeIgniter->initialize()
#3 {main}
in SYSTEMPATH/I18n/TimeTrait.php on line 74.
 1 [internal function]: CodeIgniter\Debug\Exceptions->shutdownHandler()
CRITICAL - 2023-07-08 00:45:55 --> The framework needs the following extension(s) installed and loaded: intl.
in SYSTEMPATH/CodeIgniter.php on line 226.
 1 SYSTEMPATH/CodeIgniter.php(226): CodeIgniter\Exceptions\FrameworkException::forMissingExtension('intl')
 2 SYSTEMPATH/CodeIgniter.php(190): CodeIgniter\CodeIgniter->resolvePlatformExtensions()
 3 FCPATH/index.php(56): CodeIgniter\CodeIgniter->initialize()
CRITICAL - 2023-07-08 00:45:55 --> Uncaught Error: Class "Locale" not found in /Applications/XAMPP/xamppfiles/htdocs/andreemalerva-proyectos/todo-list-emojis/system/I18n/TimeTrait.php:74
Stack trace:
#0 /Applications/XAMPP/xamppfiles/htdocs/andreemalerva-proyectos/todo-list-emojis/system/I18n/TimeTrait.php(115): CodeIgniter\I18n\Time->__construct(NULL, NULL, NULL)
#1 /Applications/XAMPP/xamppfiles/htdocs/andreemalerva-proyectos/todo-list-emojis/system/HTTP/ResponseTrait.php(468): CodeIgniter\I18n\Time::now()
#2 /Applications/XAMPP/xamppfiles/htdocs/andreemalerva-proyectos/todo-list-emojis/system/HTTP/ResponseTrait.php(446): CodeIgniter\HTTP\Response->sendHeaders()
#3 /Applications/XAMPP/xamppfiles/htdocs/andreemalerva-proyectos/todo-list-emojis/system/Debug/Exceptions.php(150): CodeIgniter\HTTP\Response->send()
#4 [internal function]: CodeIgniter\Debug\Exceptions->exceptionHandler(Object(CodeIgniter\Exceptions\FrameworkException))
#5 {main}
  thrown
【Previous Exception】
CodeIgniter\Exceptions\FrameworkException
The framework needs the following extension(s) installed and loaded: intl.
#0 /Applications/XAMPP/xamppfiles/htdocs/andreemalerva-proyectos/todo-list-emojis/system/CodeIgniter.php(226): CodeIgniter\Exceptions\FrameworkException::forMissingExtension('intl')
#1 /Applications/XAMPP/xamppfiles/htdocs/andreemalerva-proyectos/todo-list-emojis/system/CodeIgniter.php(190): CodeIgniter\CodeIgniter->resolvePlatformExtensions()
#2 /Applications/XAMPP/xamppfiles/htdocs/andreemalerva-proyectos/todo-list-emojis/public/index.php(56): CodeIgniter\CodeIgniter->initialize()
#3 {main}
in SYSTEMPATH/I18n/TimeTrait.php on line 74.
 1 [internal function]: CodeIgniter\Debug\Exceptions->shutdownHandler()
CRITICAL - 2023-07-08 00:51:55 --> The framework needs the following extension(s) installed and loaded: intl.
in SYSTEMPATH/CodeIgniter.php on line 226.
 1 SYSTEMPATH/CodeIgniter.php(226): CodeIgniter\Exceptions\FrameworkException::forMissingExtension('intl')
 2 SYSTEMPATH/CodeIgniter.php(190): CodeIgniter\CodeIgniter->resolvePlatformExtensions()
 3 FCPATH/index.php(56): CodeIgniter\CodeIgniter->initialize()
CRITICAL - 2023-07-08 00:51:55 --> Uncaught Error: Class "Locale" not found in /Applications/XAMPP/xamppfiles/htdocs/andreemalerva-proyectos/todo-list-emojis/system/I18n/TimeTrait.php:74
Stack trace:
#0 /Applications/XAMPP/xamppfiles/htdocs/andreemalerva-proyectos/todo-list-emojis/system/I18n/TimeTrait.php(115): CodeIgniter\I18n\Time->__construct(NULL, NULL, NULL)
#1 /Applications/XAMPP/xamppfiles/htdocs/andreemalerva-proyectos/todo-list-emojis/system/HTTP/ResponseTrait.php(468): CodeIgniter\I18n\Time::now()
#2 /Applications/XAMPP/xamppfiles/htdocs/andreemalerva-proyectos/todo-list-emojis/system/HTTP/ResponseTrait.php(446): CodeIgniter\HTTP\Response->sendHeaders()
#3 /Applications/XAMPP/xamppfiles/htdocs/andreemalerva-proyectos/todo-list-emojis/system/Debug/Exceptions.php(150): CodeIgniter\HTTP\Response->send()
#4 [internal function]: CodeIgniter\Debug\Exceptions->exceptionHandler(Object(CodeIgniter\Exceptions\FrameworkException))
#5 {main}
  thrown
【Previous Exception】
CodeIgniter\Exceptions\FrameworkException
The framework needs the following extension(s) installed and loaded: intl.
#0 /Applications/XAMPP/xamppfiles/htdocs/andreemalerva-proyectos/todo-list-emojis/system/CodeIgniter.php(226): CodeIgniter\Exceptions\FrameworkException::forMissingExtension('intl')
#1 /Applications/XAMPP/xamppfiles/htdocs/andreemalerva-proyectos/todo-list-emojis/system/CodeIgniter.php(190): CodeIgniter\CodeIgniter->resolvePlatformExtensions()
#2 /Applications/XAMPP/xamppfiles/htdocs/andreemalerva-proyectos/todo-list-emojis/public/index.php(56): CodeIgniter\CodeIgniter->initialize()
#3 {main}
in SYSTEMPATH/I18n/TimeTrait.php on line 74.
 1 [internal function]: CodeIgniter\Debug\Exceptions->shutdownHandler()
CRITICAL - 2023-07-08 00:51:59 --> The framework needs the following extension(s) installed and loaded: intl.
in SYSTEMPATH/CodeIgniter.php on line 226.
 1 SYSTEMPATH/CodeIgniter.php(226): CodeIgniter\Exceptions\FrameworkException::forMissingExtension('intl')
 2 SYSTEMPATH/CodeIgniter.php(190): CodeIgniter\CodeIgniter->resolvePlatformExtensions()
 3 FCPATH/index.php(56): CodeIgniter\CodeIgniter->initialize()
CRITICAL - 2023-07-08 00:51:59 --> Uncaught Error: Class "Locale" not found in /Applications/XAMPP/xamppfiles/htdocs/andreemalerva-proyectos/todo-list-emojis/system/I18n/TimeTrait.php:74
Stack trace:
#0 /Applications/XAMPP/xamppfiles/htdocs/andreemalerva-proyectos/todo-list-emojis/system/I18n/TimeTrait.php(115): CodeIgniter\I18n\Time->__construct(NULL, NULL, NULL)
#1 /Applications/XAMPP/xamppfiles/htdocs/andreemalerva-proyectos/todo-list-emojis/system/HTTP/ResponseTrait.php(468): CodeIgniter\I18n\Time::now()
#2 /Applications/XAMPP/xamppfiles/htdocs/andreemalerva-proyectos/todo-list-emojis/system/HTTP/ResponseTrait.php(446): CodeIgniter\HTTP\Response->sendHeaders()
#3 /Applications/XAMPP/xamppfiles/htdocs/andreemalerva-proyectos/todo-list-emojis/system/Debug/Exceptions.php(150): CodeIgniter\HTTP\Response->send()
#4 [internal function]: CodeIgniter\Debug\Exceptions->exceptionHandler(Object(CodeIgniter\Exceptions\FrameworkException))
#5 {main}
  thrown
【Previous Exception】
CodeIgniter\Exceptions\FrameworkException
The framework needs the following extension(s) installed and loaded: intl.
#0 /Applications/XAMPP/xamppfiles/htdocs/andreemalerva-proyectos/todo-list-emojis/system/CodeIgniter.php(226): CodeIgniter\Exceptions\FrameworkException::forMissingExtension('intl')
#1 /Applications/XAMPP/xamppfiles/htdocs/andreemalerva-proyectos/todo-list-emojis/system/CodeIgniter.php(190): CodeIgniter\CodeIgniter->resolvePlatformExtensions()
#2 /Applications/XAMPP/xamppfiles/htdocs/andreemalerva-proyectos/todo-list-emojis/public/index.php(56): CodeIgniter\CodeIgniter->initialize()
#3 {main}
in SYSTEMPATH/I18n/TimeTrait.php on line 74.
 1 [internal function]: CodeIgniter\Debug\Exceptions->shutdownHandler()
CRITICAL - 2023-07-08 00:52:28 --> The framework needs the following extension(s) installed and loaded: intl.
in SYSTEMPATH/CodeIgniter.php on line 226.
 1 SYSTEMPATH/CodeIgniter.php(226): CodeIgniter\Exceptions\FrameworkException::forMissingExtension('intl')
 2 SYSTEMPATH/CodeIgniter.php(190): CodeIgniter\CodeIgniter->resolvePlatformExtensions()
 3 FCPATH/index.php(56): CodeIgniter\CodeIgniter->initialize()
CRITICAL - 2023-07-08 00:52:28 --> Uncaught Error: Class "Locale" not found in /Applications/XAMPP/xamppfiles/htdocs/andreemalerva-proyectos/todo-list-emojis/system/I18n/TimeTrait.php:74
Stack trace:
#0 /Applications/XAMPP/xamppfiles/htdocs/andreemalerva-proyectos/todo-list-emojis/system/I18n/TimeTrait.php(115): CodeIgniter\I18n\Time->__construct(NULL, NULL, NULL)
#1 /Applications/XAMPP/xamppfiles/htdocs/andreemalerva-proyectos/todo-list-emojis/system/HTTP/ResponseTrait.php(468): CodeIgniter\I18n\Time::now()
#2 /Applications/XAMPP/xamppfiles/htdocs/andreemalerva-proyectos/todo-list-emojis/system/HTTP/ResponseTrait.php(446): CodeIgniter\HTTP\Response->sendHeaders()
#3 /Applications/XAMPP/xamppfiles/htdocs/andreemalerva-proyectos/todo-list-emojis/system/Debug/Exceptions.php(150): CodeIgniter\HTTP\Response->send()
#4 [internal function]: CodeIgniter\Debug\Exceptions->exceptionHandler(Object(CodeIgniter\Exceptions\FrameworkException))
#5 {main}
  thrown
【Previous Exception】
CodeIgniter\Exceptions\FrameworkException
The framework needs the following extension(s) installed and loaded: intl.
#0 /Applications/XAMPP/xamppfiles/htdocs/andreemalerva-proyectos/todo-list-emojis/system/CodeIgniter.php(226): CodeIgniter\Exceptions\FrameworkException::forMissingExtension('intl')
#1 /Applications/XAMPP/xamppfiles/htdocs/andreemalerva-proyectos/todo-list-emojis/system/CodeIgniter.php(190): CodeIgniter\CodeIgniter->resolvePlatformExtensions()
#2 /Applications/XAMPP/xamppfiles/htdocs/andreemalerva-proyectos/todo-list-emojis/public/index.php(56): CodeIgniter\CodeIgniter->initialize()
#3 {main}
in SYSTEMPATH/I18n/TimeTrait.php on line 74.
 1 [internal function]: CodeIgniter\Debug\Exceptions->shutdownHandler()
CRITICAL - 2023-07-08 00:54:22 --> The framework needs the following extension(s) installed and loaded: intl.
in SYSTEMPATH/CodeIgniter.php on line 226.
 1 SYSTEMPATH/CodeIgniter.php(226): CodeIgniter\Exceptions\FrameworkException::forMissingExtension('intl')
 2 SYSTEMPATH/CodeIgniter.php(190): CodeIgniter\CodeIgniter->resolvePlatformExtensions()
 3 FCPATH/index.php(56): CodeIgniter\CodeIgniter->initialize()
CRITICAL - 2023-07-08 00:54:22 --> Uncaught Error: Class "Locale" not found in /Applications/XAMPP/xamppfiles/htdocs/andreemalerva-proyectos/todo-list-emojis/system/I18n/TimeTrait.php:74
Stack trace:
#0 /Applications/XAMPP/xamppfiles/htdocs/andreemalerva-proyectos/todo-list-emojis/system/I18n/TimeTrait.php(115): CodeIgniter\I18n\Time->__construct(NULL, NULL, NULL)
#1 /Applications/XAMPP/xamppfiles/htdocs/andreemalerva-proyectos/todo-list-emojis/system/HTTP/ResponseTrait.php(468): CodeIgniter\I18n\Time::now()
#2 /Applications/XAMPP/xamppfiles/htdocs/andreemalerva-proyectos/todo-list-emojis/system/HTTP/ResponseTrait.php(446): CodeIgniter\HTTP\Response->sendHeaders()
#3 /Applications/XAMPP/xamppfiles/htdocs/andreemalerva-proyectos/todo-list-emojis/system/Debug/Exceptions.php(150): CodeIgniter\HTTP\Response->send()
#4 [internal function]: CodeIgniter\Debug\Exceptions->exceptionHandler(Object(CodeIgniter\Exceptions\FrameworkException))
#5 {main}
  thrown
【Previous Exception】
CodeIgniter\Exceptions\FrameworkException
The framework needs the following extension(s) installed and loaded: intl.
#0 /Applications/XAMPP/xamppfiles/htdocs/andreemalerva-proyectos/todo-list-emojis/system/CodeIgniter.php(226): CodeIgniter\Exceptions\FrameworkException::forMissingExtension('intl')
#1 /Applications/XAMPP/xamppfiles/htdocs/andreemalerva-proyectos/todo-list-emojis/system/CodeIgniter.php(190): CodeIgniter\CodeIgniter->resolvePlatformExtensions()
#2 /Applications/XAMPP/xamppfiles/htdocs/andreemalerva-proyectos/todo-list-emojis/public/index.php(56): CodeIgniter\CodeIgniter->initialize()
#3 {main}
in SYSTEMPATH/I18n/TimeTrait.php on line 74.
 1 [internal function]: CodeIgniter\Debug\Exceptions->shutdownHandler()
CRITICAL - 2023-07-08 00:54:24 --> The framework needs the following extension(s) installed and loaded: intl.
in SYSTEMPATH/CodeIgniter.php on line 226.
 1 SYSTEMPATH/CodeIgniter.php(226): CodeIgniter\Exceptions\FrameworkException::forMissingExtension('intl')
 2 SYSTEMPATH/CodeIgniter.php(190): CodeIgniter\CodeIgniter->resolvePlatformExtensions()
 3 FCPATH/index.php(56): CodeIgniter\CodeIgniter->initialize()
CRITICAL - 2023-07-08 00:54:24 --> Uncaught Error: Class "Locale" not found in /Applications/XAMPP/xamppfiles/htdocs/andreemalerva-proyectos/todo-list-emojis/system/I18n/TimeTrait.php:74
Stack trace:
#0 /Applications/XAMPP/xamppfiles/htdocs/andreemalerva-proyectos/todo-list-emojis/system/I18n/TimeTrait.php(115): CodeIgniter\I18n\Time->__construct(NULL, NULL, NULL)
#1 /Applications/XAMPP/xamppfiles/htdocs/andreemalerva-proyectos/todo-list-emojis/system/HTTP/ResponseTrait.php(468): CodeIgniter\I18n\Time::now()
#2 /Applications/XAMPP/xamppfiles/htdocs/andreemalerva-proyectos/todo-list-emojis/system/HTTP/ResponseTrait.php(446): CodeIgniter\HTTP\Response->sendHeaders()
#3 /Applications/XAMPP/xamppfiles/htdocs/andreemalerva-proyectos/todo-list-emojis/system/Debug/Exceptions.php(150): CodeIgniter\HTTP\Response->send()
#4 [internal function]: CodeIgniter\Debug\Exceptions->exceptionHandler(Object(CodeIgniter\Exceptions\FrameworkException))
#5 {main}
  thrown
【Previous Exception】
CodeIgniter\Exceptions\FrameworkException
The framework needs the following extension(s) installed and loaded: intl.
#0 /Applications/XAMPP/xamppfiles/htdocs/andreemalerva-proyectos/todo-list-emojis/system/CodeIgniter.php(226): CodeIgniter\Exceptions\FrameworkException::forMissingExtension('intl')
#1 /Applications/XAMPP/xamppfiles/htdocs/andreemalerva-proyectos/todo-list-emojis/system/CodeIgniter.php(190): CodeIgniter\CodeIgniter->resolvePlatformExtensions()
#2 /Applications/XAMPP/xamppfiles/htdocs/andreemalerva-proyectos/todo-list-emojis/public/index.php(56): CodeIgniter\CodeIgniter->initialize()
#3 {main}
in SYSTEMPATH/I18n/TimeTrait.php on line 74.
 1 [internal function]: CodeIgniter\Debug\Exceptions->shutdownHandler()
CRITICAL - 2023-07-08 01:27:31 --> The framework needs the following extension(s) installed and loaded: intl.
in SYSTEMPATH/CodeIgniter.php on line 226.
 1 SYSTEMPATH/CodeIgniter.php(226): CodeIgniter\Exceptions\FrameworkException::forMissingExtension('intl')
 2 SYSTEMPATH/CodeIgniter.php(190): CodeIgniter\CodeIgniter->resolvePlatformExtensions()
 3 FCPATH/index.php(56): CodeIgniter\CodeIgniter->initialize()
CRITICAL - 2023-07-08 01:27:31 --> Uncaught Error: Class "Locale" not found in /Applications/XAMPP/xamppfiles/htdocs/andreemalerva-proyectos/todo-list-emojis/system/I18n/TimeTrait.php:74
Stack trace:
#0 /Applications/XAMPP/xamppfiles/htdocs/andreemalerva-proyectos/todo-list-emojis/system/I18n/TimeTrait.php(115): CodeIgniter\I18n\Time->__construct(NULL, NULL, NULL)
#1 /Applications/XAMPP/xamppfiles/htdocs/andreemalerva-proyectos/todo-list-emojis/system/HTTP/ResponseTrait.php(468): CodeIgniter\I18n\Time::now()
#2 /Applications/XAMPP/xamppfiles/htdocs/andreemalerva-proyectos/todo-list-emojis/system/HTTP/ResponseTrait.php(446): CodeIgniter\HTTP\Response->sendHeaders()
#3 /Applications/XAMPP/xamppfiles/htdocs/andreemalerva-proyectos/todo-list-emojis/system/Debug/Exceptions.php(150): CodeIgniter\HTTP\Response->send()
#4 [internal function]: CodeIgniter\Debug\Exceptions->exceptionHandler(Object(CodeIgniter\Exceptions\FrameworkException))
#5 {main}
  thrown
【Previous Exception】
CodeIgniter\Exceptions\FrameworkException
The framework needs the following extension(s) installed and loaded: intl.
#0 /Applications/XAMPP/xamppfiles/htdocs/andreemalerva-proyectos/todo-list-emojis/system/CodeIgniter.php(226): CodeIgniter\Exceptions\FrameworkException::forMissingExtension('intl')
#1 /Applications/XAMPP/xamppfiles/htdocs/andreemalerva-proyectos/todo-list-emojis/system/CodeIgniter.php(190): CodeIgniter\CodeIgniter->resolvePlatformExtensions()
#2 /Applications/XAMPP/xamppfiles/htdocs/andreemalerva-proyectos/todo-list-emojis/public/index.php(56): CodeIgniter\CodeIgniter->initialize()
#3 {main}
in SYSTEMPATH/I18n/TimeTrait.php on line 74.
 1 [internal function]: CodeIgniter\Debug\Exceptions->shutdownHandler()
CRITICAL - 2023-07-08 01:31:45 --> The framework needs the following extension(s) installed and loaded: intl.
in SYSTEMPATH/CodeIgniter.php on line 226.
 1 SYSTEMPATH/CodeIgniter.php(226): CodeIgniter\Exceptions\FrameworkException::forMissingExtension('intl')
 2 SYSTEMPATH/CodeIgniter.php(190): CodeIgniter\CodeIgniter->resolvePlatformExtensions()
 3 FCPATH/index.php(56): CodeIgniter\CodeIgniter->initialize()
CRITICAL - 2023-07-08 01:31:45 --> Uncaught Error: Class "Locale" not found in /Applications/XAMPP/xamppfiles/htdocs/andreemalerva-proyectos/todo-list-emojis/system/I18n/TimeTrait.php:74
Stack trace:
#0 /Applications/XAMPP/xamppfiles/htdocs/andreemalerva-proyectos/todo-list-emojis/system/I18n/TimeTrait.php(115): CodeIgniter\I18n\Time->__construct(NULL, NULL, NULL)
#1 /Applications/XAMPP/xamppfiles/htdocs/andreemalerva-proyectos/todo-list-emojis/system/HTTP/ResponseTrait.php(468): CodeIgniter\I18n\Time::now()
#2 /Applications/XAMPP/xamppfiles/htdocs/andreemalerva-proyectos/todo-list-emojis/system/HTTP/ResponseTrait.php(446): CodeIgniter\HTTP\Response->sendHeaders()
#3 /Applications/XAMPP/xamppfiles/htdocs/andreemalerva-proyectos/todo-list-emojis/system/Debug/Exceptions.php(150): CodeIgniter\HTTP\Response->send()
#4 [internal function]: CodeIgniter\Debug\Exceptions->exceptionHandler(Object(CodeIgniter\Exceptions\FrameworkException))
#5 {main}
  thrown
【Previous Exception】
CodeIgniter\Exceptions\FrameworkException
The framework needs the following extension(s) installed and loaded: intl.
#0 /Applications/XAMPP/xamppfiles/htdocs/andreemalerva-proyectos/todo-list-emojis/system/CodeIgniter.php(226): CodeIgniter\Exceptions\FrameworkException::forMissingExtension('intl')
#1 /Applications/XAMPP/xamppfiles/htdocs/andreemalerva-proyectos/todo-list-emojis/system/CodeIgniter.php(190): CodeIgniter\CodeIgniter->resolvePlatformExtensions()
#2 /Applications/XAMPP/xamppfiles/htdocs/andreemalerva-proyectos/todo-list-emojis/public/index.php(56): CodeIgniter\CodeIgniter->initialize()
#3 {main}
in SYSTEMPATH/I18n/TimeTrait.php on line 74.
 1 [internal function]: CodeIgniter\Debug\Exceptions->shutdownHandler()
CRITICAL - 2023-07-08 01:33:45 --> The framework needs the following extension(s) installed and loaded: intl.
in SYSTEMPATH/CodeIgniter.php on line 226.
 1 SYSTEMPATH/CodeIgniter.php(226): CodeIgniter\Exceptions\FrameworkException::forMissingExtension('intl')
 2 SYSTEMPATH/CodeIgniter.php(190): CodeIgniter\CodeIgniter->resolvePlatformExtensions()
 3 FCPATH/index.php(56): CodeIgniter\CodeIgniter->initialize()
CRITICAL - 2023-07-08 01:33:45 --> Uncaught Error: Class "Locale" not found in /Applications/XAMPP/xamppfiles/htdocs/andreemalerva-proyectos/todo-list-emojis/system/I18n/TimeTrait.php:74
Stack trace:
#0 /Applications/XAMPP/xamppfiles/htdocs/andreemalerva-proyectos/todo-list-emojis/system/I18n/TimeTrait.php(115): CodeIgniter\I18n\Time->__construct(NULL, NULL, NULL)
#1 /Applications/XAMPP/xamppfiles/htdocs/andreemalerva-proyectos/todo-list-emojis/system/HTTP/ResponseTrait.php(468): CodeIgniter\I18n\Time::now()
#2 /Applications/XAMPP/xamppfiles/htdocs/andreemalerva-proyectos/todo-list-emojis/system/HTTP/ResponseTrait.php(446): CodeIgniter\HTTP\Response->sendHeaders()
#3 /Applications/XAMPP/xamppfiles/htdocs/andreemalerva-proyectos/todo-list-emojis/system/Debug/Exceptions.php(150): CodeIgniter\HTTP\Response->send()
#4 [internal function]: CodeIgniter\Debug\Exceptions->exceptionHandler(Object(CodeIgniter\Exceptions\FrameworkException))
#5 {main}
  thrown
【Previous Exception】
CodeIgniter\Exceptions\FrameworkException
The framework needs the following extension(s) installed and loaded: intl.
#0 /Applications/XAMPP/xamppfiles/htdocs/andreemalerva-proyectos/todo-list-emojis/system/CodeIgniter.php(226): CodeIgniter\Exceptions\FrameworkException::forMissingExtension('intl')
#1 /Applications/XAMPP/xamppfiles/htdocs/andreemalerva-proyectos/todo-list-emojis/system/CodeIgniter.php(190): CodeIgniter\CodeIgniter->resolvePlatformExtensions()
#2 /Applications/XAMPP/xamppfiles/htdocs/andreemalerva-proyectos/todo-list-emojis/public/index.php(56): CodeIgniter\CodeIgniter->initialize()
#3 {main}
in SYSTEMPATH/I18n/TimeTrait.php on line 74.
 1 [internal function]: CodeIgniter\Debug\Exceptions->shutdownHandler()
CRITICAL - 2023-07-08 01:34:51 --> The framework needs the following extension(s) installed and loaded: intl.
in SYSTEMPATH/CodeIgniter.php on line 226.
 1 SYSTEMPATH/CodeIgniter.php(226): CodeIgniter\Exceptions\FrameworkException::forMissingExtension('intl')
 2 SYSTEMPATH/CodeIgniter.php(190): CodeIgniter\CodeIgniter->resolvePlatformExtensions()
 3 FCPATH/index.php(56): CodeIgniter\CodeIgniter->initialize()
CRITICAL - 2023-07-08 01:34:51 --> Uncaught Error: Class "Locale" not found in /Applications/XAMPP/xamppfiles/htdocs/andreemalerva-proyectos/todo-list-emojis/system/I18n/TimeTrait.php:74
Stack trace:
#0 /Applications/XAMPP/xamppfiles/htdocs/andreemalerva-proyectos/todo-list-emojis/system/I18n/TimeTrait.php(115): CodeIgniter\I18n\Time->__construct(NULL, NULL, NULL)
#1 /Applications/XAMPP/xamppfiles/htdocs/andreemalerva-proyectos/todo-list-emojis/system/HTTP/ResponseTrait.php(468): CodeIgniter\I18n\Time::now()
#2 /Applications/XAMPP/xamppfiles/htdocs/andreemalerva-proyectos/todo-list-emojis/system/HTTP/ResponseTrait.php(446): CodeIgniter\HTTP\Response->sendHeaders()
#3 /Applications/XAMPP/xamppfiles/htdocs/andreemalerva-proyectos/todo-list-emojis/system/Debug/Exceptions.php(150): CodeIgniter\HTTP\Response->send()
#4 [internal function]: CodeIgniter\Debug\Exceptions->exceptionHandler(Object(CodeIgniter\Exceptions\FrameworkException))
#5 {main}
  thrown
【Previous Exception】
CodeIgniter\Exceptions\FrameworkException
The framework needs the following extension(s) installed and loaded: intl.
#0 /Applications/XAMPP/xamppfiles/htdocs/andreemalerva-proyectos/todo-list-emojis/system/CodeIgniter.php(226): CodeIgniter\Exceptions\FrameworkException::forMissingExtension('intl')
#1 /Applications/XAMPP/xamppfiles/htdocs/andreemalerva-proyectos/todo-list-emojis/system/CodeIgniter.php(190): CodeIgniter\CodeIgniter->resolvePlatformExtensions()
#2 /Applications/XAMPP/xamppfiles/htdocs/andreemalerva-proyectos/todo-list-emojis/public/index.php(56): CodeIgniter\CodeIgniter->initialize()
#3 {main}
in SYSTEMPATH/I18n/TimeTrait.php on line 74.
 1 [internal function]: CodeIgniter\Debug\Exceptions->shutdownHandler()
CRITICAL - 2023-07-08 01:35:44 --> The framework needs the following extension(s) installed and loaded: intl.
in SYSTEMPATH/CodeIgniter.php on line 226.
 1 SYSTEMPATH/CodeIgniter.php(226): CodeIgniter\Exceptions\FrameworkException::forMissingExtension('intl')
 2 SYSTEMPATH/CodeIgniter.php(190): CodeIgniter\CodeIgniter->resolvePlatformExtensions()
 3 FCPATH/index.php(56): CodeIgniter\CodeIgniter->initialize()
CRITICAL - 2023-07-08 01:35:44 --> Uncaught Error: Class "Locale" not found in /Applications/XAMPP/xamppfiles/htdocs/andreemalerva-proyectos/todo-list-emojis/system/I18n/TimeTrait.php:74
Stack trace:
#0 /Applications/XAMPP/xamppfiles/htdocs/andreemalerva-proyectos/todo-list-emojis/system/I18n/TimeTrait.php(115): CodeIgniter\I18n\Time->__construct(NULL, NULL, NULL)
#1 /Applications/XAMPP/xamppfiles/htdocs/andreemalerva-proyectos/todo-list-emojis/system/HTTP/ResponseTrait.php(468): CodeIgniter\I18n\Time::now()
#2 /Applications/XAMPP/xamppfiles/htdocs/andreemalerva-proyectos/todo-list-emojis/system/HTTP/ResponseTrait.php(446): CodeIgniter\HTTP\Response->sendHeaders()
#3 /Applications/XAMPP/xamppfiles/htdocs/andreemalerva-proyectos/todo-list-emojis/system/Debug/Exceptions.php(150): CodeIgniter\HTTP\Response->send()
#4 [internal function]: CodeIgniter\Debug\Exceptions->exceptionHandler(Object(CodeIgniter\Exceptions\FrameworkException))
#5 {main}
  thrown
【Previous Exception】
CodeIgniter\Exceptions\FrameworkException
The framework needs the following extension(s) installed and loaded: intl.
#0 /Applications/XAMPP/xamppfiles/htdocs/andreemalerva-proyectos/todo-list-emojis/system/CodeIgniter.php(226): CodeIgniter\Exceptions\FrameworkException::forMissingExtension('intl')
#1 /Applications/XAMPP/xamppfiles/htdocs/andreemalerva-proyectos/todo-list-emojis/system/CodeIgniter.php(190): CodeIgniter\CodeIgniter->resolvePlatformExtensions()
#2 /Applications/XAMPP/xamppfiles/htdocs/andreemalerva-proyectos/todo-list-emojis/public/index.php(56): CodeIgniter\CodeIgniter->initialize()
#3 {main}
in SYSTEMPATH/I18n/TimeTrait.php on line 74.
 1 [internal function]: CodeIgniter\Debug\Exceptions->shutdownHandler()
CRITICAL - 2023-07-08 01:37:23 --> The framework needs the following extension(s) installed and loaded: intl.
in SYSTEMPATH/CodeIgniter.php on line 226.
 1 SYSTEMPATH/CodeIgniter.php(226): CodeIgniter\Exceptions\FrameworkException::forMissingExtension('intl')
 2 SYSTEMPATH/CodeIgniter.php(190): CodeIgniter\CodeIgniter->resolvePlatformExtensions()
 3 FCPATH/index.php(56): CodeIgniter\CodeIgniter->initialize()
CRITICAL - 2023-07-08 01:37:23 --> Uncaught Error: Class "Locale" not found in /Applications/XAMPP/xamppfiles/htdocs/andreemalerva-proyectos/todo-list-emojis/system/I18n/TimeTrait.php:74
Stack trace:
#0 /Applications/XAMPP/xamppfiles/htdocs/andreemalerva-proyectos/todo-list-emojis/system/I18n/TimeTrait.php(115): CodeIgniter\I18n\Time->__construct(NULL, NULL, NULL)
#1 /Applications/XAMPP/xamppfiles/htdocs/andreemalerva-proyectos/todo-list-emojis/system/HTTP/ResponseTrait.php(468): CodeIgniter\I18n\Time::now()
#2 /Applications/XAMPP/xamppfiles/htdocs/andreemalerva-proyectos/todo-list-emojis/system/HTTP/ResponseTrait.php(446): CodeIgniter\HTTP\Response->sendHeaders()
#3 /Applications/XAMPP/xamppfiles/htdocs/andreemalerva-proyectos/todo-list-emojis/system/Debug/Exceptions.php(150): CodeIgniter\HTTP\Response->send()
#4 [internal function]: CodeIgniter\Debug\Exceptions->exceptionHandler(Object(CodeIgniter\Exceptions\FrameworkException))
#5 {main}
  thrown
【Previous Exception】
CodeIgniter\Exceptions\FrameworkException
The framework needs the following extension(s) installed and loaded: intl.
#0 /Applications/XAMPP/xamppfiles/htdocs/andreemalerva-proyectos/todo-list-emojis/system/CodeIgniter.php(226): CodeIgniter\Exceptions\FrameworkException::forMissingExtension('intl')
#1 /Applications/XAMPP/xamppfiles/htdocs/andreemalerva-proyectos/todo-list-emojis/system/CodeIgniter.php(190): CodeIgniter\CodeIgniter->resolvePlatformExtensions()
#2 /Applications/XAMPP/xamppfiles/htdocs/andreemalerva-proyectos/todo-list-emojis/public/index.php(56): CodeIgniter\CodeIgniter->initialize()
#3 {main}
in SYSTEMPATH/I18n/TimeTrait.php on line 74.
 1 [internal function]: CodeIgniter\Debug\Exceptions->shutdownHandler()
CRITICAL - 2023-07-08 01:43:30 --> The framework needs the following extension(s) installed and loaded: intl.
in SYSTEMPATH/CodeIgniter.php on line 226.
 1 SYSTEMPATH/CodeIgniter.php(226): CodeIgniter\Exceptions\FrameworkException::forMissingExtension('intl')
 2 SYSTEMPATH/CodeIgniter.php(190): CodeIgniter\CodeIgniter->resolvePlatformExtensions()
 3 FCPATH/index.php(56): CodeIgniter\CodeIgniter->initialize()
CRITICAL - 2023-07-08 01:43:30 --> Uncaught Error: Class "Locale" not found in /Applications/XAMPP/xamppfiles/htdocs/andreemalerva-proyectos/todo-list-emojis/system/I18n/TimeTrait.php:74
Stack trace:
#0 /Applications/XAMPP/xamppfiles/htdocs/andreemalerva-proyectos/todo-list-emojis/system/I18n/TimeTrait.php(115): CodeIgniter\I18n\Time->__construct(NULL, NULL, NULL)
#1 /Applications/XAMPP/xamppfiles/htdocs/andreemalerva-proyectos/todo-list-emojis/system/HTTP/ResponseTrait.php(468): CodeIgniter\I18n\Time::now()
#2 /Applications/XAMPP/xamppfiles/htdocs/andreemalerva-proyectos/todo-list-emojis/system/HTTP/ResponseTrait.php(446): CodeIgniter\HTTP\Response->sendHeaders()
#3 /Applications/XAMPP/xamppfiles/htdocs/andreemalerva-proyectos/todo-list-emojis/system/Debug/Exceptions.php(150): CodeIgniter\HTTP\Response->send()
#4 [internal function]: CodeIgniter\Debug\Exceptions->exceptionHandler(Object(CodeIgniter\Exceptions\FrameworkException))
#5 {main}
  thrown
【Previous Exception】
CodeIgniter\Exceptions\FrameworkException
The framework needs the following extension(s) installed and loaded: intl.
#0 /Applications/XAMPP/xamppfiles/htdocs/andreemalerva-proyectos/todo-list-emojis/system/CodeIgniter.php(226): CodeIgniter\Exceptions\FrameworkException::forMissingExtension('intl')
#1 /Applications/XAMPP/xamppfiles/htdocs/andreemalerva-proyectos/todo-list-emojis/system/CodeIgniter.php(190): CodeIgniter\CodeIgniter->resolvePlatformExtensions()
#2 /Applications/XAMPP/xamppfiles/htdocs/andreemalerva-proyectos/todo-list-emojis/public/index.php(56): CodeIgniter\CodeIgniter->initialize()
#3 {main}
in SYSTEMPATH/I18n/TimeTrait.php on line 74.
 1 [internal function]: CodeIgniter\Debug\Exceptions->shutdownHandler()
CRITICAL - 2023-07-08 01:45:26 --> The framework needs the following extension(s) installed and loaded: intl.
in SYSTEMPATH/CodeIgniter.php on line 226.
 1 SYSTEMPATH/CodeIgniter.php(226): CodeIgniter\Exceptions\FrameworkException::forMissingExtension('intl')
 2 SYSTEMPATH/CodeIgniter.php(190): CodeIgniter\CodeIgniter->resolvePlatformExtensions()
 3 FCPATH/index.php(56): CodeIgniter\CodeIgniter->initialize()
CRITICAL - 2023-07-08 01:45:26 --> Uncaught Error: Class "Locale" not found in /Applications/XAMPP/xamppfiles/htdocs/andreemalerva-proyectos/todo-list-emojis/system/I18n/TimeTrait.php:74
Stack trace:
#0 /Applications/XAMPP/xamppfiles/htdocs/andreemalerva-proyectos/todo-list-emojis/system/I18n/TimeTrait.php(115): CodeIgniter\I18n\Time->__construct(NULL, NULL, NULL)
#1 /Applications/XAMPP/xamppfiles/htdocs/andreemalerva-proyectos/todo-list-emojis/system/HTTP/ResponseTrait.php(468): CodeIgniter\I18n\Time::now()
#2 /Applications/XAMPP/xamppfiles/htdocs/andreemalerva-proyectos/todo-list-emojis/system/HTTP/ResponseTrait.php(446): CodeIgniter\HTTP\Response->sendHeaders()
#3 /Applications/XAMPP/xamppfiles/htdocs/andreemalerva-proyectos/todo-list-emojis/system/Debug/Exceptions.php(150): CodeIgniter\HTTP\Response->send()
#4 [internal function]: CodeIgniter\Debug\Exceptions->exceptionHandler(Object(CodeIgniter\Exceptions\FrameworkException))
#5 {main}
  thrown
【Previous Exception】
CodeIgniter\Exceptions\FrameworkException
The framework needs the following extension(s) installed and loaded: intl.
#0 /Applications/XAMPP/xamppfiles/htdocs/andreemalerva-proyectos/todo-list-emojis/system/CodeIgniter.php(226): CodeIgniter\Exceptions\FrameworkException::forMissingExtension('intl')
#1 /Applications/XAMPP/xamppfiles/htdocs/andreemalerva-proyectos/todo-list-emojis/system/CodeIgniter.php(190): CodeIgniter\CodeIgniter->resolvePlatformExtensions()
#2 /Applications/XAMPP/xamppfiles/htdocs/andreemalerva-proyectos/todo-list-emojis/public/index.php(56): CodeIgniter\CodeIgniter->initialize()
#3 {main}
in SYSTEMPATH/I18n/TimeTrait.php on line 74.
 1 [internal function]: CodeIgniter\Debug\Exceptions->shutdownHandler()
CRITICAL - 2023-07-08 01:55:11 --> The framework needs the following extension(s) installed and loaded: intl.
in SYSTEMPATH/CodeIgniter.php on line 226.
 1 SYSTEMPATH/CodeIgniter.php(226): CodeIgniter\Exceptions\FrameworkException::forMissingExtension('intl')
 2 SYSTEMPATH/CodeIgniter.php(190): CodeIgniter\CodeIgniter->resolvePlatformExtensions()
 3 FCPATH/index.php(56): CodeIgniter\CodeIgniter->initialize()
CRITICAL - 2023-07-08 01:55:11 --> Uncaught Error: Class "Locale" not found in /Applications/XAMPP/xamppfiles/htdocs/andreemalerva-proyectos/todo-list-emojis/system/I18n/TimeTrait.php:74
Stack trace:
#0 /Applications/XAMPP/xamppfiles/htdocs/andreemalerva-proyectos/todo-list-emojis/system/I18n/TimeTrait.php(115): CodeIgniter\I18n\Time->__construct(NULL, NULL, NULL)
#1 /Applications/XAMPP/xamppfiles/htdocs/andreemalerva-proyectos/todo-list-emojis/system/HTTP/ResponseTrait.php(468): CodeIgniter\I18n\Time::now()
#2 /Applications/XAMPP/xamppfiles/htdocs/andreemalerva-proyectos/todo-list-emojis/system/HTTP/ResponseTrait.php(446): CodeIgniter\HTTP\Response->sendHeaders()
#3 /Applications/XAMPP/xamppfiles/htdocs/andreemalerva-proyectos/todo-list-emojis/system/Debug/Exceptions.php(150): CodeIgniter\HTTP\Response->send()
#4 [internal function]: CodeIgniter\Debug\Exceptions->exceptionHandler(Object(CodeIgniter\Exceptions\FrameworkException))
#5 {main}
  thrown
【Previous Exception】
CodeIgniter\Exceptions\FrameworkException
The framework needs the following extension(s) installed and loaded: intl.
#0 /Applications/XAMPP/xamppfiles/htdocs/andreemalerva-proyectos/todo-list-emojis/system/CodeIgniter.php(226): CodeIgniter\Exceptions\FrameworkException::forMissingExtension('intl')
#1 /Applications/XAMPP/xamppfiles/htdocs/andreemalerva-proyectos/todo-list-emojis/system/CodeIgniter.php(190): CodeIgniter\CodeIgniter->resolvePlatformExtensions()
#2 /Applications/XAMPP/xamppfiles/htdocs/andreemalerva-proyectos/todo-list-emojis/public/index.php(56): CodeIgniter\CodeIgniter->initialize()
#3 {main}
in SYSTEMPATH/I18n/TimeTrait.php on line 74.
 1 [internal function]: CodeIgniter\Debug\Exceptions->shutdownHandler()
CRITICAL - 2023-07-08 01:55:16 --> The framework needs the following extension(s) installed and loaded: intl.
in SYSTEMPATH/CodeIgniter.php on line 226.
 1 SYSTEMPATH/CodeIgniter.php(226): CodeIgniter\Exceptions\FrameworkException::forMissingExtension('intl')
 2 SYSTEMPATH/CodeIgniter.php(190): CodeIgniter\CodeIgniter->resolvePlatformExtensions()
 3 FCPATH/index.php(56): CodeIgniter\CodeIgniter->initialize()
CRITICAL - 2023-07-08 01:55:16 --> Uncaught Error: Class "Locale" not found in /Applications/XAMPP/xamppfiles/htdocs/andreemalerva-proyectos/todo-list-emojis/system/I18n/TimeTrait.php:74
Stack trace:
#0 /Applications/XAMPP/xamppfiles/htdocs/andreemalerva-proyectos/todo-list-emojis/system/I18n/TimeTrait.php(115): CodeIgniter\I18n\Time->__construct(NULL, NULL, NULL)
#1 /Applications/XAMPP/xamppfiles/htdocs/andreemalerva-proyectos/todo-list-emojis/system/HTTP/ResponseTrait.php(468): CodeIgniter\I18n\Time::now()
#2 /Applications/XAMPP/xamppfiles/htdocs/andreemalerva-proyectos/todo-list-emojis/system/HTTP/ResponseTrait.php(446): CodeIgniter\HTTP\Response->sendHeaders()
#3 /Applications/XAMPP/xamppfiles/htdocs/andreemalerva-proyectos/todo-list-emojis/system/Debug/Exceptions.php(150): CodeIgniter\HTTP\Response->send()
#4 [internal function]: CodeIgniter\Debug\Exceptions->exceptionHandler(Object(CodeIgniter\Exceptions\FrameworkException))
#5 {main}
  thrown
【Previous Exception】
CodeIgniter\Exceptions\FrameworkException
The framework needs the following extension(s) installed and loaded: intl.
#0 /Applications/XAMPP/xamppfiles/htdocs/andreemalerva-proyectos/todo-list-emojis/system/CodeIgniter.php(226): CodeIgniter\Exceptions\FrameworkException::forMissingExtension('intl')
#1 /Applications/XAMPP/xamppfiles/htdocs/andreemalerva-proyectos/todo-list-emojis/system/CodeIgniter.php(190): CodeIgniter\CodeIgniter->resolvePlatformExtensions()
#2 /Applications/XAMPP/xamppfiles/htdocs/andreemalerva-proyectos/todo-list-emojis/public/index.php(56): CodeIgniter\CodeIgniter->initialize()
#3 {main}
in SYSTEMPATH/I18n/TimeTrait.php on line 74.
 1 [internal function]: CodeIgniter\Debug\Exceptions->shutdownHandler()
CRITICAL - 2023-07-08 01:56:08 --> The framework needs the following extension(s) installed and loaded: intl.
in SYSTEMPATH/CodeIgniter.php on line 226.
 1 SYSTEMPATH/CodeIgniter.php(226): CodeIgniter\Exceptions\FrameworkException::forMissingExtension('intl')
 2 SYSTEMPATH/CodeIgniter.php(190): CodeIgniter\CodeIgniter->resolvePlatformExtensions()
 3 FCPATH/index.php(56): CodeIgniter\CodeIgniter->initialize()
CRITICAL - 2023-07-08 01:56:08 --> Uncaught Error: Class "Locale" not found in /Applications/XAMPP/xamppfiles/htdocs/andreemalerva-proyectos/todo-list-emojis/system/I18n/TimeTrait.php:74
Stack trace:
#0 /Applications/XAMPP/xamppfiles/htdocs/andreemalerva-proyectos/todo-list-emojis/system/I18n/TimeTrait.php(115): CodeIgniter\I18n\Time->__construct(NULL, NULL, NULL)
#1 /Applications/XAMPP/xamppfiles/htdocs/andreemalerva-proyectos/todo-list-emojis/system/HTTP/ResponseTrait.php(468): CodeIgniter\I18n\Time::now()
#2 /Applications/XAMPP/xamppfiles/htdocs/andreemalerva-proyectos/todo-list-emojis/system/HTTP/ResponseTrait.php(446): CodeIgniter\HTTP\Response->sendHeaders()
#3 /Applications/XAMPP/xamppfiles/htdocs/andreemalerva-proyectos/todo-list-emojis/system/Debug/Exceptions.php(150): CodeIgniter\HTTP\Response->send()
#4 [internal function]: CodeIgniter\Debug\Exceptions->exceptionHandler(Object(CodeIgniter\Exceptions\FrameworkException))
#5 {main}
  thrown
【Previous Exception】
CodeIgniter\Exceptions\FrameworkException
The framework needs the following extension(s) installed and loaded: intl.
#0 /Applications/XAMPP/xamppfiles/htdocs/andreemalerva-proyectos/todo-list-emojis/system/CodeIgniter.php(226): CodeIgniter\Exceptions\FrameworkException::forMissingExtension('intl')
#1 /Applications/XAMPP/xamppfiles/htdocs/andreemalerva-proyectos/todo-list-emojis/system/CodeIgniter.php(190): CodeIgniter\CodeIgniter->resolvePlatformExtensions()
#2 /Applications/XAMPP/xamppfiles/htdocs/andreemalerva-proyectos/todo-list-emojis/public/index.php(56): CodeIgniter\CodeIgniter->initialize()
#3 {main}
in SYSTEMPATH/I18n/TimeTrait.php on line 74.
 1 [internal function]: CodeIgniter\Debug\Exceptions->shutdownHandler()
CRITICAL - 2023-07-08 01:56:17 --> The framework needs the following extension(s) installed and loaded: intl.
in SYSTEMPATH/CodeIgniter.php on line 226.
 1 SYSTEMPATH/CodeIgniter.php(226): CodeIgniter\Exceptions\FrameworkException::forMissingExtension('intl')
 2 SYSTEMPATH/CodeIgniter.php(190): CodeIgniter\CodeIgniter->resolvePlatformExtensions()
 3 FCPATH/index.php(56): CodeIgniter\CodeIgniter->initialize()
CRITICAL - 2023-07-08 01:56:17 --> Uncaught Error: Class "Locale" not found in /Applications/XAMPP/xamppfiles/htdocs/andreemalerva-proyectos/todo-list-emojis/system/I18n/TimeTrait.php:74
Stack trace:
#0 /Applications/XAMPP/xamppfiles/htdocs/andreemalerva-proyectos/todo-list-emojis/system/I18n/TimeTrait.php(115): CodeIgniter\I18n\Time->__construct(NULL, NULL, NULL)
#1 /Applications/XAMPP/xamppfiles/htdocs/andreemalerva-proyectos/todo-list-emojis/system/HTTP/ResponseTrait.php(468): CodeIgniter\I18n\Time::now()
#2 /Applications/XAMPP/xamppfiles/htdocs/andreemalerva-proyectos/todo-list-emojis/system/HTTP/ResponseTrait.php(446): CodeIgniter\HTTP\Response->sendHeaders()
#3 /Applications/XAMPP/xamppfiles/htdocs/andreemalerva-proyectos/todo-list-emojis/system/Debug/Exceptions.php(150): CodeIgniter\HTTP\Response->send()
#4 [internal function]: CodeIgniter\Debug\Exceptions->exceptionHandler(Object(CodeIgniter\Exceptions\FrameworkException))
#5 {main}
  thrown
【Previous Exception】
CodeIgniter\Exceptions\FrameworkException
The framework needs the following extension(s) installed and loaded: intl.
#0 /Applications/XAMPP/xamppfiles/htdocs/andreemalerva-proyectos/todo-list-emojis/system/CodeIgniter.php(226): CodeIgniter\Exceptions\FrameworkException::forMissingExtension('intl')
#1 /Applications/XAMPP/xamppfiles/htdocs/andreemalerva-proyectos/todo-list-emojis/system/CodeIgniter.php(190): CodeIgniter\CodeIgniter->resolvePlatformExtensions()
#2 /Applications/XAMPP/xamppfiles/htdocs/andreemalerva-proyectos/todo-list-emojis/public/index.php(56): CodeIgniter\CodeIgniter->initialize()
#3 {main}
in SYSTEMPATH/I18n/TimeTrait.php on line 74.
 1 [internal function]: CodeIgniter\Debug\Exceptions->shutdownHandler()
CRITICAL - 2023-07-08 01:56:28 --> The framework needs the following extension(s) installed and loaded: intl.
in SYSTEMPATH/CodeIgniter.php on line 226.
 1 SYSTEMPATH/CodeIgniter.php(226): CodeIgniter\Exceptions\FrameworkException::forMissingExtension('intl')
 2 SYSTEMPATH/CodeIgniter.php(190): CodeIgniter\CodeIgniter->resolvePlatformExtensions()
 3 FCPATH/index.php(56): CodeIgniter\CodeIgniter->initialize()
CRITICAL - 2023-07-08 01:56:28 --> Uncaught Error: Class "Locale" not found in /Applications/XAMPP/xamppfiles/htdocs/andreemalerva-proyectos/todo-list-emojis/system/I18n/TimeTrait.php:74
Stack trace:
#0 /Applications/XAMPP/xamppfiles/htdocs/andreemalerva-proyectos/todo-list-emojis/system/I18n/TimeTrait.php(115): CodeIgniter\I18n\Time->__construct(NULL, NULL, NULL)
#1 /Applications/XAMPP/xamppfiles/htdocs/andreemalerva-proyectos/todo-list-emojis/system/HTTP/ResponseTrait.php(468): CodeIgniter\I18n\Time::now()
#2 /Applications/XAMPP/xamppfiles/htdocs/andreemalerva-proyectos/todo-list-emojis/system/HTTP/ResponseTrait.php(446): CodeIgniter\HTTP\Response->sendHeaders()
#3 /Applications/XAMPP/xamppfiles/htdocs/andreemalerva-proyectos/todo-list-emojis/system/Debug/Exceptions.php(150): CodeIgniter\HTTP\Response->send()
#4 [internal function]: CodeIgniter\Debug\Exceptions->exceptionHandler(Object(CodeIgniter\Exceptions\FrameworkException))
#5 {main}
  thrown
【Previous Exception】
CodeIgniter\Exceptions\FrameworkException
The framework needs the following extension(s) installed and loaded: intl.
#0 /Applications/XAMPP/xamppfiles/htdocs/andreemalerva-proyectos/todo-list-emojis/system/CodeIgniter.php(226): CodeIgniter\Exceptions\FrameworkException::forMissingExtension('intl')
#1 /Applications/XAMPP/xamppfiles/htdocs/andreemalerva-proyectos/todo-list-emojis/system/CodeIgniter.php(190): CodeIgniter\CodeIgniter->resolvePlatformExtensions()
#2 /Applications/XAMPP/xamppfiles/htdocs/andreemalerva-proyectos/todo-list-emojis/public/index.php(56): CodeIgniter\CodeIgniter->initialize()
#3 {main}
in SYSTEMPATH/I18n/TimeTrait.php on line 74.
 1 [internal function]: CodeIgniter\Debug\Exceptions->shutdownHandler()
CRITICAL - 2023-07-08 07:06:57 --> The framework needs the following extension(s) installed and loaded: intl.
in SYSTEMPATH/CodeIgniter.php on line 226.
 1 SYSTEMPATH/CodeIgniter.php(226): CodeIgniter\Exceptions\FrameworkException::forMissingExtension('intl')
 2 SYSTEMPATH/CodeIgniter.php(190): CodeIgniter\CodeIgniter->resolvePlatformExtensions()
 3 FCPATH/index.php(56): CodeIgniter\CodeIgniter->initialize()
CRITICAL - 2023-07-08 07:06:57 --> Uncaught Error: Class "Locale" not found in /Applications/XAMPP/xamppfiles/htdocs/andreemalerva-proyectos/todo-list-emojis/system/I18n/TimeTrait.php:74
Stack trace:
#0 /Applications/XAMPP/xamppfiles/htdocs/andreemalerva-proyectos/todo-list-emojis/system/I18n/TimeTrait.php(115): CodeIgniter\I18n\Time->__construct(NULL, NULL, NULL)
#1 /Applications/XAMPP/xamppfiles/htdocs/andreemalerva-proyectos/todo-list-emojis/system/HTTP/ResponseTrait.php(468): CodeIgniter\I18n\Time::now()
#2 /Applications/XAMPP/xamppfiles/htdocs/andreemalerva-proyectos/todo-list-emojis/system/HTTP/ResponseTrait.php(446): CodeIgniter\HTTP\Response->sendHeaders()
#3 /Applications/XAMPP/xamppfiles/htdocs/andreemalerva-proyectos/todo-list-emojis/system/Debug/Exceptions.php(150): CodeIgniter\HTTP\Response->send()
#4 [internal function]: CodeIgniter\Debug\Exceptions->exceptionHandler(Object(CodeIgniter\Exceptions\FrameworkException))
#5 {main}
  thrown
【Previous Exception】
CodeIgniter\Exceptions\FrameworkException
The framework needs the following extension(s) installed and loaded: intl.
#0 /Applications/XAMPP/xamppfiles/htdocs/andreemalerva-proyectos/todo-list-emojis/system/CodeIgniter.php(226): CodeIgniter\Exceptions\FrameworkException::forMissingExtension('intl')
#1 /Applications/XAMPP/xamppfiles/htdocs/andreemalerva-proyectos/todo-list-emojis/system/CodeIgniter.php(190): CodeIgniter\CodeIgniter->resolvePlatformExtensions()
#2 /Applications/XAMPP/xamppfiles/htdocs/andreemalerva-proyectos/todo-list-emojis/public/index.php(56): CodeIgniter\CodeIgniter->initialize()
#3 {main}
in SYSTEMPATH/I18n/TimeTrait.php on line 74.
 1 [internal function]: CodeIgniter\Debug\Exceptions->shutdownHandler()
