CRITICAL - 2023-06-24 06:29:19 --> The framework needs the following extension(s) installed and loaded: intl.
in SYSTEMPATH/CodeIgniter.php on line 226.
 1 SYSTEMPATH/CodeIgniter.php(226): CodeIgniter\Exceptions\FrameworkException::forMissingExtension('intl')
 2 SYSTEMPATH/CodeIgniter.php(190): CodeIgniter\CodeIgniter->resolvePlatformExtensions()
 3 FCPATH/index.php(56): CodeIgniter\CodeIgniter->initialize()
CRITICAL - 2023-06-24 06:37:05 --> The framework needs the following extension(s) installed and loaded: intl.
in SYSTEMPATH/CodeIgniter.php on line 226.
 1 SYSTEMPATH/CodeIgniter.php(226): CodeIgniter\Exceptions\FrameworkException::forMissingExtension('intl')
 2 SYSTEMPATH/CodeIgniter.php(190): CodeIgniter\CodeIgniter->resolvePlatformExtensions()
 3 FCPATH/index.php(56): CodeIgniter\CodeIgniter->initialize()
CRITICAL - 2023-06-24 06:37:07 --> The framework needs the following extension(s) installed and loaded: intl.
in SYSTEMPATH/CodeIgniter.php on line 226.
 1 SYSTEMPATH/CodeIgniter.php(226): CodeIgniter\Exceptions\FrameworkException::forMissingExtension('intl')
 2 SYSTEMPATH/CodeIgniter.php(190): CodeIgniter\CodeIgniter->resolvePlatformExtensions()
 3 FCPATH/index.php(56): CodeIgniter\CodeIgniter->initialize()
CRITICAL - 2023-06-24 06:37:08 --> The framework needs the following extension(s) installed and loaded: intl.
in SYSTEMPATH/CodeIgniter.php on line 226.
 1 SYSTEMPATH/CodeIgniter.php(226): CodeIgniter\Exceptions\FrameworkException::forMissingExtension('intl')
 2 SYSTEMPATH/CodeIgniter.php(190): CodeIgniter\CodeIgniter->resolvePlatformExtensions()
 3 FCPATH/index.php(56): CodeIgniter\CodeIgniter->initialize()
CRITICAL - 2023-06-24 06:37:23 --> The framework needs the following extension(s) installed and loaded: intl.
in SYSTEMPATH/CodeIgniter.php on line 226.
 1 SYSTEMPATH/CodeIgniter.php(226): CodeIgniter\Exceptions\FrameworkException::forMissingExtension('intl')
 2 SYSTEMPATH/CodeIgniter.php(190): CodeIgniter\CodeIgniter->resolvePlatformExtensions()
 3 FCPATH/index.php(56): CodeIgniter\CodeIgniter->initialize()
CRITICAL - 2023-06-24 06:37:41 --> The framework needs the following extension(s) installed and loaded: intl.
in SYSTEMPATH/CodeIgniter.php on line 226.
 1 SYSTEMPATH/CodeIgniter.php(226): CodeIgniter\Exceptions\FrameworkException::forMissingExtension('intl')
 2 SYSTEMPATH/CodeIgniter.php(190): CodeIgniter\CodeIgniter->resolvePlatformExtensions()
 3 FCPATH/index.php(56): CodeIgniter\CodeIgniter->initialize()
CRITICAL - 2023-06-24 06:37:41 --> Uncaught Error: Class "Locale" not found in /Applications/XAMPP/xamppfiles/htdocs/andreemalerva-proyectos/todo-list-emojis/system/I18n/TimeTrait.php:74
Stack trace:
#0 /Applications/XAMPP/xamppfiles/htdocs/andreemalerva-proyectos/todo-list-emojis/system/I18n/TimeTrait.php(115): CodeIgniter\I18n\Time->__construct(NULL, NULL, NULL)
#1 /Applications/XAMPP/xamppfiles/htdocs/andreemalerva-proyectos/todo-list-emojis/system/HTTP/ResponseTrait.php(468): CodeIgniter\I18n\Time::now()
#2 /Applications/XAMPP/xamppfiles/htdocs/andreemalerva-proyectos/todo-list-emojis/system/HTTP/ResponseTrait.php(446): CodeIgniter\HTTP\Response->sendHeaders()
#3 /Applications/XAMPP/xamppfiles/htdocs/andreemalerva-proyectos/todo-list-emojis/system/Debug/Exceptions.php(150): CodeIgniter\HTTP\Response->send()
#4 [internal function]: CodeIgniter\Debug\Exceptions->exceptionHandler(Object(CodeIgniter\Exceptions\FrameworkException))
#5 {main}
  thrown
【Previous Exception】
CodeIgniter\Exceptions\FrameworkException
The framework needs the following extension(s) installed and loaded: intl.
#0 /Applications/XAMPP/xamppfiles/htdocs/andreemalerva-proyectos/todo-list-emojis/system/CodeIgniter.php(226): CodeIgniter\Exceptions\FrameworkException::forMissingExtension('intl')
#1 /Applications/XAMPP/xamppfiles/htdocs/andreemalerva-proyectos/todo-list-emojis/system/CodeIgniter.php(190): CodeIgniter\CodeIgniter->resolvePlatformExtensions()
#2 /Applications/XAMPP/xamppfiles/htdocs/andreemalerva-proyectos/todo-list-emojis/public/index.php(56): CodeIgniter\CodeIgniter->initialize()
#3 {main}
in SYSTEMPATH/I18n/TimeTrait.php on line 74.
 1 [internal function]: CodeIgniter\Debug\Exceptions->shutdownHandler()
CRITICAL - 2023-06-24 06:37:41 --> The framework needs the following extension(s) installed and loaded: intl.
in SYSTEMPATH/CodeIgniter.php on line 226.
 1 SYSTEMPATH/CodeIgniter.php(226): CodeIgniter\Exceptions\FrameworkException::forMissingExtension('intl')
 2 SYSTEMPATH/CodeIgniter.php(190): CodeIgniter\CodeIgniter->resolvePlatformExtensions()
 3 FCPATH/index.php(56): CodeIgniter\CodeIgniter->initialize()
CRITICAL - 2023-06-24 06:37:41 --> Uncaught Error: Class "Locale" not found in /Applications/XAMPP/xamppfiles/htdocs/andreemalerva-proyectos/todo-list-emojis/system/I18n/TimeTrait.php:74
Stack trace:
#0 /Applications/XAMPP/xamppfiles/htdocs/andreemalerva-proyectos/todo-list-emojis/system/I18n/TimeTrait.php(115): CodeIgniter\I18n\Time->__construct(NULL, NULL, NULL)
#1 /Applications/XAMPP/xamppfiles/htdocs/andreemalerva-proyectos/todo-list-emojis/system/HTTP/ResponseTrait.php(468): CodeIgniter\I18n\Time::now()
#2 /Applications/XAMPP/xamppfiles/htdocs/andreemalerva-proyectos/todo-list-emojis/system/HTTP/ResponseTrait.php(446): CodeIgniter\HTTP\Response->sendHeaders()
#3 /Applications/XAMPP/xamppfiles/htdocs/andreemalerva-proyectos/todo-list-emojis/system/Debug/Exceptions.php(150): CodeIgniter\HTTP\Response->send()
#4 [internal function]: CodeIgniter\Debug\Exceptions->exceptionHandler(Object(CodeIgniter\Exceptions\FrameworkException))
#5 {main}
  thrown
【Previous Exception】
CodeIgniter\Exceptions\FrameworkException
The framework needs the following extension(s) installed and loaded: intl.
#0 /Applications/XAMPP/xamppfiles/htdocs/andreemalerva-proyectos/todo-list-emojis/system/CodeIgniter.php(226): CodeIgniter\Exceptions\FrameworkException::forMissingExtension('intl')
#1 /Applications/XAMPP/xamppfiles/htdocs/andreemalerva-proyectos/todo-list-emojis/system/CodeIgniter.php(190): CodeIgniter\CodeIgniter->resolvePlatformExtensions()
#2 /Applications/XAMPP/xamppfiles/htdocs/andreemalerva-proyectos/todo-list-emojis/public/index.php(56): CodeIgniter\CodeIgniter->initialize()
#3 {main}
in SYSTEMPATH/I18n/TimeTrait.php on line 74.
 1 [internal function]: CodeIgniter\Debug\Exceptions->shutdownHandler()
CRITICAL - 2023-06-24 06:39:26 --> The framework needs the following extension(s) installed and loaded: intl.
in SYSTEMPATH/CodeIgniter.php on line 226.
 1 SYSTEMPATH/CodeIgniter.php(226): CodeIgniter\Exceptions\FrameworkException::forMissingExtension('intl')
 2 SYSTEMPATH/CodeIgniter.php(190): CodeIgniter\CodeIgniter->resolvePlatformExtensions()
 3 FCPATH/index.php(56): CodeIgniter\CodeIgniter->initialize()
CRITICAL - 2023-06-24 06:39:26 --> Uncaught Error: Class "Locale" not found in /Applications/XAMPP/xamppfiles/htdocs/andreemalerva-proyectos/todo-list-emojis/system/I18n/TimeTrait.php:74
Stack trace:
#0 /Applications/XAMPP/xamppfiles/htdocs/andreemalerva-proyectos/todo-list-emojis/system/I18n/TimeTrait.php(115): CodeIgniter\I18n\Time->__construct(NULL, NULL, NULL)
#1 /Applications/XAMPP/xamppfiles/htdocs/andreemalerva-proyectos/todo-list-emojis/system/HTTP/ResponseTrait.php(468): CodeIgniter\I18n\Time::now()
#2 /Applications/XAMPP/xamppfiles/htdocs/andreemalerva-proyectos/todo-list-emojis/system/HTTP/ResponseTrait.php(446): CodeIgniter\HTTP\Response->sendHeaders()
#3 /Applications/XAMPP/xamppfiles/htdocs/andreemalerva-proyectos/todo-list-emojis/system/Debug/Exceptions.php(150): CodeIgniter\HTTP\Response->send()
#4 [internal function]: CodeIgniter\Debug\Exceptions->exceptionHandler(Object(CodeIgniter\Exceptions\FrameworkException))
#5 {main}
  thrown
【Previous Exception】
CodeIgniter\Exceptions\FrameworkException
The framework needs the following extension(s) installed and loaded: intl.
#0 /Applications/XAMPP/xamppfiles/htdocs/andreemalerva-proyectos/todo-list-emojis/system/CodeIgniter.php(226): CodeIgniter\Exceptions\FrameworkException::forMissingExtension('intl')
#1 /Applications/XAMPP/xamppfiles/htdocs/andreemalerva-proyectos/todo-list-emojis/system/CodeIgniter.php(190): CodeIgniter\CodeIgniter->resolvePlatformExtensions()
#2 /Applications/XAMPP/xamppfiles/htdocs/andreemalerva-proyectos/todo-list-emojis/public/index.php(56): CodeIgniter\CodeIgniter->initialize()
#3 {main}
in SYSTEMPATH/I18n/TimeTrait.php on line 74.
 1 [internal function]: CodeIgniter\Debug\Exceptions->shutdownHandler()
CRITICAL - 2023-06-24 06:39:26 --> The framework needs the following extension(s) installed and loaded: intl.
in SYSTEMPATH/CodeIgniter.php on line 226.
 1 SYSTEMPATH/CodeIgniter.php(226): CodeIgniter\Exceptions\FrameworkException::forMissingExtension('intl')
 2 SYSTEMPATH/CodeIgniter.php(190): CodeIgniter\CodeIgniter->resolvePlatformExtensions()
 3 FCPATH/index.php(56): CodeIgniter\CodeIgniter->initialize()
CRITICAL - 2023-06-24 06:39:26 --> Uncaught Error: Class "Locale" not found in /Applications/XAMPP/xamppfiles/htdocs/andreemalerva-proyectos/todo-list-emojis/system/I18n/TimeTrait.php:74
Stack trace:
#0 /Applications/XAMPP/xamppfiles/htdocs/andreemalerva-proyectos/todo-list-emojis/system/I18n/TimeTrait.php(115): CodeIgniter\I18n\Time->__construct(NULL, NULL, NULL)
#1 /Applications/XAMPP/xamppfiles/htdocs/andreemalerva-proyectos/todo-list-emojis/system/HTTP/ResponseTrait.php(468): CodeIgniter\I18n\Time::now()
#2 /Applications/XAMPP/xamppfiles/htdocs/andreemalerva-proyectos/todo-list-emojis/system/HTTP/ResponseTrait.php(446): CodeIgniter\HTTP\Response->sendHeaders()
#3 /Applications/XAMPP/xamppfiles/htdocs/andreemalerva-proyectos/todo-list-emojis/system/Debug/Exceptions.php(150): CodeIgniter\HTTP\Response->send()
#4 [internal function]: CodeIgniter\Debug\Exceptions->exceptionHandler(Object(CodeIgniter\Exceptions\FrameworkException))
#5 {main}
  thrown
【Previous Exception】
CodeIgniter\Exceptions\FrameworkException
The framework needs the following extension(s) installed and loaded: intl.
#0 /Applications/XAMPP/xamppfiles/htdocs/andreemalerva-proyectos/todo-list-emojis/system/CodeIgniter.php(226): CodeIgniter\Exceptions\FrameworkException::forMissingExtension('intl')
#1 /Applications/XAMPP/xamppfiles/htdocs/andreemalerva-proyectos/todo-list-emojis/system/CodeIgniter.php(190): CodeIgniter\CodeIgniter->resolvePlatformExtensions()
#2 /Applications/XAMPP/xamppfiles/htdocs/andreemalerva-proyectos/todo-list-emojis/public/index.php(56): CodeIgniter\CodeIgniter->initialize()
#3 {main}
in SYSTEMPATH/I18n/TimeTrait.php on line 74.
 1 [internal function]: CodeIgniter\Debug\Exceptions->shutdownHandler()
CRITICAL - 2023-06-24 08:09:50 --> The framework needs the following extension(s) installed and loaded: intl.
in SYSTEMPATH/CodeIgniter.php on line 226.
 1 SYSTEMPATH/CodeIgniter.php(226): CodeIgniter\Exceptions\FrameworkException::forMissingExtension('intl')
 2 SYSTEMPATH/CodeIgniter.php(190): CodeIgniter\CodeIgniter->resolvePlatformExtensions()
 3 FCPATH/index.php(56): CodeIgniter\CodeIgniter->initialize()
CRITICAL - 2023-06-24 08:09:50 --> Uncaught Error: Class "Locale" not found in /Applications/XAMPP/xamppfiles/htdocs/andreemalerva-proyectos/todo-list-emojis/system/I18n/TimeTrait.php:74
Stack trace:
#0 /Applications/XAMPP/xamppfiles/htdocs/andreemalerva-proyectos/todo-list-emojis/system/I18n/TimeTrait.php(115): CodeIgniter\I18n\Time->__construct(NULL, NULL, NULL)
#1 /Applications/XAMPP/xamppfiles/htdocs/andreemalerva-proyectos/todo-list-emojis/system/HTTP/ResponseTrait.php(468): CodeIgniter\I18n\Time::now()
#2 /Applications/XAMPP/xamppfiles/htdocs/andreemalerva-proyectos/todo-list-emojis/system/HTTP/ResponseTrait.php(446): CodeIgniter\HTTP\Response->sendHeaders()
#3 /Applications/XAMPP/xamppfiles/htdocs/andreemalerva-proyectos/todo-list-emojis/system/Debug/Exceptions.php(150): CodeIgniter\HTTP\Response->send()
#4 [internal function]: CodeIgniter\Debug\Exceptions->exceptionHandler(Object(CodeIgniter\Exceptions\FrameworkException))
#5 {main}
  thrown
【Previous Exception】
CodeIgniter\Exceptions\FrameworkException
The framework needs the following extension(s) installed and loaded: intl.
#0 /Applications/XAMPP/xamppfiles/htdocs/andreemalerva-proyectos/todo-list-emojis/system/CodeIgniter.php(226): CodeIgniter\Exceptions\FrameworkException::forMissingExtension('intl')
#1 /Applications/XAMPP/xamppfiles/htdocs/andreemalerva-proyectos/todo-list-emojis/system/CodeIgniter.php(190): CodeIgniter\CodeIgniter->resolvePlatformExtensions()
#2 /Applications/XAMPP/xamppfiles/htdocs/andreemalerva-proyectos/todo-list-emojis/public/index.php(56): CodeIgniter\CodeIgniter->initialize()
#3 {main}
in SYSTEMPATH/I18n/TimeTrait.php on line 74.
 1 [internal function]: CodeIgniter\Debug\Exceptions->shutdownHandler()
CRITICAL - 2023-06-24 08:09:50 --> The framework needs the following extension(s) installed and loaded: intl.
in SYSTEMPATH/CodeIgniter.php on line 226.
 1 SYSTEMPATH/CodeIgniter.php(226): CodeIgniter\Exceptions\FrameworkException::forMissingExtension('intl')
 2 SYSTEMPATH/CodeIgniter.php(190): CodeIgniter\CodeIgniter->resolvePlatformExtensions()
 3 FCPATH/index.php(56): CodeIgniter\CodeIgniter->initialize()
CRITICAL - 2023-06-24 08:09:50 --> Uncaught Error: Class "Locale" not found in /Applications/XAMPP/xamppfiles/htdocs/andreemalerva-proyectos/todo-list-emojis/system/I18n/TimeTrait.php:74
Stack trace:
#0 /Applications/XAMPP/xamppfiles/htdocs/andreemalerva-proyectos/todo-list-emojis/system/I18n/TimeTrait.php(115): CodeIgniter\I18n\Time->__construct(NULL, NULL, NULL)
#1 /Applications/XAMPP/xamppfiles/htdocs/andreemalerva-proyectos/todo-list-emojis/system/HTTP/ResponseTrait.php(468): CodeIgniter\I18n\Time::now()
#2 /Applications/XAMPP/xamppfiles/htdocs/andreemalerva-proyectos/todo-list-emojis/system/HTTP/ResponseTrait.php(446): CodeIgniter\HTTP\Response->sendHeaders()
#3 /Applications/XAMPP/xamppfiles/htdocs/andreemalerva-proyectos/todo-list-emojis/system/Debug/Exceptions.php(150): CodeIgniter\HTTP\Response->send()
#4 [internal function]: CodeIgniter\Debug\Exceptions->exceptionHandler(Object(CodeIgniter\Exceptions\FrameworkException))
#5 {main}
  thrown
【Previous Exception】
CodeIgniter\Exceptions\FrameworkException
The framework needs the following extension(s) installed and loaded: intl.
#0 /Applications/XAMPP/xamppfiles/htdocs/andreemalerva-proyectos/todo-list-emojis/system/CodeIgniter.php(226): CodeIgniter\Exceptions\FrameworkException::forMissingExtension('intl')
#1 /Applications/XAMPP/xamppfiles/htdocs/andreemalerva-proyectos/todo-list-emojis/system/CodeIgniter.php(190): CodeIgniter\CodeIgniter->resolvePlatformExtensions()
#2 /Applications/XAMPP/xamppfiles/htdocs/andreemalerva-proyectos/todo-list-emojis/public/index.php(56): CodeIgniter\CodeIgniter->initialize()
#3 {main}
in SYSTEMPATH/I18n/TimeTrait.php on line 74.
 1 [internal function]: CodeIgniter\Debug\Exceptions->shutdownHandler()
CRITICAL - 2023-06-24 08:09:52 --> The framework needs the following extension(s) installed and loaded: intl.
in SYSTEMPATH/CodeIgniter.php on line 226.
 1 SYSTEMPATH/CodeIgniter.php(226): CodeIgniter\Exceptions\FrameworkException::forMissingExtension('intl')
 2 SYSTEMPATH/CodeIgniter.php(190): CodeIgniter\CodeIgniter->resolvePlatformExtensions()
 3 FCPATH/index.php(56): CodeIgniter\CodeIgniter->initialize()
CRITICAL - 2023-06-24 08:09:52 --> Uncaught Error: Class "Locale" not found in /Applications/XAMPP/xamppfiles/htdocs/andreemalerva-proyectos/todo-list-emojis/system/I18n/TimeTrait.php:74
Stack trace:
#0 /Applications/XAMPP/xamppfiles/htdocs/andreemalerva-proyectos/todo-list-emojis/system/I18n/TimeTrait.php(115): CodeIgniter\I18n\Time->__construct(NULL, NULL, NULL)
#1 /Applications/XAMPP/xamppfiles/htdocs/andreemalerva-proyectos/todo-list-emojis/system/HTTP/ResponseTrait.php(468): CodeIgniter\I18n\Time::now()
#2 /Applications/XAMPP/xamppfiles/htdocs/andreemalerva-proyectos/todo-list-emojis/system/HTTP/ResponseTrait.php(446): CodeIgniter\HTTP\Response->sendHeaders()
#3 /Applications/XAMPP/xamppfiles/htdocs/andreemalerva-proyectos/todo-list-emojis/system/Debug/Exceptions.php(150): CodeIgniter\HTTP\Response->send()
#4 [internal function]: CodeIgniter\Debug\Exceptions->exceptionHandler(Object(CodeIgniter\Exceptions\FrameworkException))
#5 {main}
  thrown
【Previous Exception】
CodeIgniter\Exceptions\FrameworkException
The framework needs the following extension(s) installed and loaded: intl.
#0 /Applications/XAMPP/xamppfiles/htdocs/andreemalerva-proyectos/todo-list-emojis/system/CodeIgniter.php(226): CodeIgniter\Exceptions\FrameworkException::forMissingExtension('intl')
#1 /Applications/XAMPP/xamppfiles/htdocs/andreemalerva-proyectos/todo-list-emojis/system/CodeIgniter.php(190): CodeIgniter\CodeIgniter->resolvePlatformExtensions()
#2 /Applications/XAMPP/xamppfiles/htdocs/andreemalerva-proyectos/todo-list-emojis/public/index.php(56): CodeIgniter\CodeIgniter->initialize()
#3 {main}
in SYSTEMPATH/I18n/TimeTrait.php on line 74.
 1 [internal function]: CodeIgniter\Debug\Exceptions->shutdownHandler()
CRITICAL - 2023-06-24 08:09:52 --> The framework needs the following extension(s) installed and loaded: intl.
in SYSTEMPATH/CodeIgniter.php on line 226.
 1 SYSTEMPATH/CodeIgniter.php(226): CodeIgniter\Exceptions\FrameworkException::forMissingExtension('intl')
 2 SYSTEMPATH/CodeIgniter.php(190): CodeIgniter\CodeIgniter->resolvePlatformExtensions()
 3 FCPATH/index.php(56): CodeIgniter\CodeIgniter->initialize()
CRITICAL - 2023-06-24 08:09:52 --> Uncaught Error: Class "Locale" not found in /Applications/XAMPP/xamppfiles/htdocs/andreemalerva-proyectos/todo-list-emojis/system/I18n/TimeTrait.php:74
Stack trace:
#0 /Applications/XAMPP/xamppfiles/htdocs/andreemalerva-proyectos/todo-list-emojis/system/I18n/TimeTrait.php(115): CodeIgniter\I18n\Time->__construct(NULL, NULL, NULL)
#1 /Applications/XAMPP/xamppfiles/htdocs/andreemalerva-proyectos/todo-list-emojis/system/HTTP/ResponseTrait.php(468): CodeIgniter\I18n\Time::now()
#2 /Applications/XAMPP/xamppfiles/htdocs/andreemalerva-proyectos/todo-list-emojis/system/HTTP/ResponseTrait.php(446): CodeIgniter\HTTP\Response->sendHeaders()
#3 /Applications/XAMPP/xamppfiles/htdocs/andreemalerva-proyectos/todo-list-emojis/system/Debug/Exceptions.php(150): CodeIgniter\HTTP\Response->send()
#4 [internal function]: CodeIgniter\Debug\Exceptions->exceptionHandler(Object(CodeIgniter\Exceptions\FrameworkException))
#5 {main}
  thrown
【Previous Exception】
CodeIgniter\Exceptions\FrameworkException
The framework needs the following extension(s) installed and loaded: intl.
#0 /Applications/XAMPP/xamppfiles/htdocs/andreemalerva-proyectos/todo-list-emojis/system/CodeIgniter.php(226): CodeIgniter\Exceptions\FrameworkException::forMissingExtension('intl')
#1 /Applications/XAMPP/xamppfiles/htdocs/andreemalerva-proyectos/todo-list-emojis/system/CodeIgniter.php(190): CodeIgniter\CodeIgniter->resolvePlatformExtensions()
#2 /Applications/XAMPP/xamppfiles/htdocs/andreemalerva-proyectos/todo-list-emojis/public/index.php(56): CodeIgniter\CodeIgniter->initialize()
#3 {main}
in SYSTEMPATH/I18n/TimeTrait.php on line 74.
 1 [internal function]: CodeIgniter\Debug\Exceptions->shutdownHandler()
CRITICAL - 2023-06-24 08:10:02 --> The framework needs the following extension(s) installed and loaded: intl.
in SYSTEMPATH/CodeIgniter.php on line 226.
 1 SYSTEMPATH/CodeIgniter.php(226): CodeIgniter\Exceptions\FrameworkException::forMissingExtension('intl')
 2 SYSTEMPATH/CodeIgniter.php(190): CodeIgniter\CodeIgniter->resolvePlatformExtensions()
 3 FCPATH/index.php(56): CodeIgniter\CodeIgniter->initialize()
CRITICAL - 2023-06-24 08:10:02 --> Uncaught Error: Class "Locale" not found in /Applications/XAMPP/xamppfiles/htdocs/andreemalerva-proyectos/todo-list-emojis/system/I18n/TimeTrait.php:74
Stack trace:
#0 /Applications/XAMPP/xamppfiles/htdocs/andreemalerva-proyectos/todo-list-emojis/system/I18n/TimeTrait.php(115): CodeIgniter\I18n\Time->__construct(NULL, NULL, NULL)
#1 /Applications/XAMPP/xamppfiles/htdocs/andreemalerva-proyectos/todo-list-emojis/system/HTTP/ResponseTrait.php(468): CodeIgniter\I18n\Time::now()
#2 /Applications/XAMPP/xamppfiles/htdocs/andreemalerva-proyectos/todo-list-emojis/system/HTTP/ResponseTrait.php(446): CodeIgniter\HTTP\Response->sendHeaders()
#3 /Applications/XAMPP/xamppfiles/htdocs/andreemalerva-proyectos/todo-list-emojis/system/Debug/Exceptions.php(150): CodeIgniter\HTTP\Response->send()
#4 [internal function]: CodeIgniter\Debug\Exceptions->exceptionHandler(Object(CodeIgniter\Exceptions\FrameworkException))
#5 {main}
  thrown
【Previous Exception】
CodeIgniter\Exceptions\FrameworkException
The framework needs the following extension(s) installed and loaded: intl.
#0 /Applications/XAMPP/xamppfiles/htdocs/andreemalerva-proyectos/todo-list-emojis/system/CodeIgniter.php(226): CodeIgniter\Exceptions\FrameworkException::forMissingExtension('intl')
#1 /Applications/XAMPP/xamppfiles/htdocs/andreemalerva-proyectos/todo-list-emojis/system/CodeIgniter.php(190): CodeIgniter\CodeIgniter->resolvePlatformExtensions()
#2 /Applications/XAMPP/xamppfiles/htdocs/andreemalerva-proyectos/todo-list-emojis/public/index.php(56): CodeIgniter\CodeIgniter->initialize()
#3 {main}
in SYSTEMPATH/I18n/TimeTrait.php on line 74.
 1 [internal function]: CodeIgniter\Debug\Exceptions->shutdownHandler()
CRITICAL - 2023-06-24 08:10:02 --> The framework needs the following extension(s) installed and loaded: intl.
in SYSTEMPATH/CodeIgniter.php on line 226.
 1 SYSTEMPATH/CodeIgniter.php(226): CodeIgniter\Exceptions\FrameworkException::forMissingExtension('intl')
 2 SYSTEMPATH/CodeIgniter.php(190): CodeIgniter\CodeIgniter->resolvePlatformExtensions()
 3 FCPATH/index.php(56): CodeIgniter\CodeIgniter->initialize()
CRITICAL - 2023-06-24 08:10:02 --> Uncaught Error: Class "Locale" not found in /Applications/XAMPP/xamppfiles/htdocs/andreemalerva-proyectos/todo-list-emojis/system/I18n/TimeTrait.php:74
Stack trace:
#0 /Applications/XAMPP/xamppfiles/htdocs/andreemalerva-proyectos/todo-list-emojis/system/I18n/TimeTrait.php(115): CodeIgniter\I18n\Time->__construct(NULL, NULL, NULL)
#1 /Applications/XAMPP/xamppfiles/htdocs/andreemalerva-proyectos/todo-list-emojis/system/HTTP/ResponseTrait.php(468): CodeIgniter\I18n\Time::now()
#2 /Applications/XAMPP/xamppfiles/htdocs/andreemalerva-proyectos/todo-list-emojis/system/HTTP/ResponseTrait.php(446): CodeIgniter\HTTP\Response->sendHeaders()
#3 /Applications/XAMPP/xamppfiles/htdocs/andreemalerva-proyectos/todo-list-emojis/system/Debug/Exceptions.php(150): CodeIgniter\HTTP\Response->send()
#4 [internal function]: CodeIgniter\Debug\Exceptions->exceptionHandler(Object(CodeIgniter\Exceptions\FrameworkException))
#5 {main}
  thrown
【Previous Exception】
CodeIgniter\Exceptions\FrameworkException
The framework needs the following extension(s) installed and loaded: intl.
#0 /Applications/XAMPP/xamppfiles/htdocs/andreemalerva-proyectos/todo-list-emojis/system/CodeIgniter.php(226): CodeIgniter\Exceptions\FrameworkException::forMissingExtension('intl')
#1 /Applications/XAMPP/xamppfiles/htdocs/andreemalerva-proyectos/todo-list-emojis/system/CodeIgniter.php(190): CodeIgniter\CodeIgniter->resolvePlatformExtensions()
#2 /Applications/XAMPP/xamppfiles/htdocs/andreemalerva-proyectos/todo-list-emojis/public/index.php(56): CodeIgniter\CodeIgniter->initialize()
#3 {main}
in SYSTEMPATH/I18n/TimeTrait.php on line 74.
 1 [internal function]: CodeIgniter\Debug\Exceptions->shutdownHandler()
